3 12/10/2020 "Default description" 16:12:22 "" {"StmtCnt":40,"DataPts":86,"NumWrites":0,"TotTime":0.026787,"BufferSize":61440,"Directory":"C:\Users\gquer\Projets\sonaroe-test-full\","Propath":"C:\Users\gquer\Projets\sonaroe-test-full\build,C:\Users\gquer\AppData\Local\Temp\pct37742260.pl,.,C:\Progress\OpenEdge-12.3\tty,C:\Progress\OpenEdge-12.3\tty\ablunit.pl,C:\Progress\OpenEdge-12.3\tty\adecomm.pl,C:\Progress\OpenEdge-12.3\tty\adecomp.pl,C:\Progress\OpenEdge-12.3\tty\adeedit.pl,C:\Progress\OpenEdge-12.3\tty\adeshar.pl,C:\Progress\OpenEdge-12.3\tty\dataadmin.pl,C:\Progress\OpenEdge-12.3\tty\OpenEdge.BusinessLogic.pl,C:\Progress\OpenEdge-12.3\tty\OpenEdge.Core.pl,C:\Progress\OpenEdge-12.3\tty\OpenEdge.ServerAdmin.pl,C:\Progress\OpenEdge-12.3\tty\prodict.pl,C:\Progress\OpenEdge-12.3,C:\Progress\OpenEdge-12.3\bin"}
.
1 "C:\Users\gquer\AppData\Local\Temp\pctinit44608510.p" "" 19199 0 ""
2 "sample/test1.p" "" 5819 0 ""
3 "returnValue C:\Users\gquer\AppData\Local\Temp\pctinit44608510.p" "" 0 55 ""
.
0 0 1 1
1 42 2 1
1 53 3 1
.
0 0 1 0.000000 0.026787
1 0 1 0.004889 0.026787
2 0 1 0.000481 0.000925
3 0 1 0.000007 0.000014
1 13 1 0.020261 0.020261
1 12 1 0.000011 0.000011
1 14 1 0.000013 0.000013
1 23 1 0.000010 0.000010
1 22 1 0.000002 0.000002
1 25 1 0.000001 0.000001
1 26 1 0.000004 0.000004
2 30 1 0.000001 0.000001
1 29 1 0.000215 0.000215
1 28 1 0.000228 0.000228
2 28 1 0.000023 0.000023
1 31 1 0.000000 0.000000
1 30 1 0.000010 0.000010
2 35 1 0.000294 0.000294
1 32 1 0.000001 0.000001
2 32 1 0.000003 0.000003
1 35 1 0.000002 0.000002
1 34 1 0.000003 0.000003
2 39 1 0.000018 0.000018
2 36 1 0.000021 0.000021
1 41 1 0.000001 0.000001
1 42 1 0.000183 0.001108
1 49 1 0.000000 0.000000
2 51 1 0.000020 0.000020
1 51 1 0.000001 0.000001
1 50 1 0.000004 0.000004
1 53 1 0.000006 0.000020
1 52 1 0.000001 0.000001
1 54 1 0.000002 0.000002
3 59 1 0.000000 0.000000
3 58 1 0.000003 0.000003
3 57 1 0.000004 0.000004
2 63 1 0.000029 0.000029
2 72 1 0.000030 0.000030
2 77 1 0.000004 0.000004
2 83 1 0.000001 0.000001
1 -2 1 0.000000 0.000000
.
.
1 "getParameter" 3
8
9
10
.
1 "returnValue" 3
57
58
59
.
1 "writeOutputParam" 5
63
64
65
66
67
.
1 "" 40
12
13
14
15
16
17
18
19
20
21
22
23
25
26
28
29
30
31
32
34
35
36
37
38
39
40
41
42
43
44
45
46
47
48
49
50
51
52
53
54
.
2 "foo" 4
15
16
17
19
.
2 "" 11
28
30
32
35
36
39
51
63
72
77
83
.
.
0 0 0 0 1 0.026787 1
1 0 1 0 1 0.026787 2 3
2 1 2 42 1 0.000925
3 1 3 53 1 0.000014
.
.
