3 12/10/2020 "Default description" 16:12:21 "" {"StmtCnt":4100,"DataPts":8272,"NumWrites":0,"TotTime":0.084769,"BufferSize":61440,"Directory":"C:\Users\gquer\Projets\sonaroe-test-full\","Propath":"C:\Users\gquer\Projets\sonaroe-test-full\build,C:\Users\gquer\Projets\sonaroe-test-full\src\classes,C:\Users\gquer\Projets\sonaroe-test-full\src\procedures,C:\Users\gquer\Projets\sonaroe-test-full\src\tests,C:\Users\gquer\AppData\Local\Temp\pct15775872.pl,.,C:\Progress\OpenEdge-12.3\tty,C:\Progress\OpenEdge-12.3\tty\ablunit.pl,C:\Progress\OpenEdge-12.3\tty\adecomm.pl,C:\Progress\OpenEdge-12.3\tty\adecomp.pl,C:\Progress\OpenEdge-12.3\tty\adeedit.pl,C:\Progress\OpenEdge-12.3\tty\adeshar.pl,C:\Progress\OpenEdge-12.3\tty\dataadmin.pl,C:\Progress\OpenEdge-12.3\tty\OpenEdge.BusinessLogic.pl,C:\Progress\OpenEdge-12.3\tty\OpenEdge.Core.pl,C:\Progress\OpenEdge-12.3\tty\OpenEdge.ServerAdmin.pl,C:\Progress\OpenEdge-12.3\tty\prodict.pl,C:\Progress\OpenEdge-12.3,C:\Progress\OpenEdge-12.3\bin"}
.
108 "OpenEdge.ABLUnit.Results.TestTestResult" "" 41523 0 ""
23 "AbstractTTCollection OpenEdge.Core.Collections.AbstractTTCollection OpenEdge.ABLUnit.Results.TestResultList" "" 0 61 ""
22 "AbstractTTCollection OpenEdge.Core.Collections.AbstractTTCollection OpenEdge.ABLUnit.Results.TestResultList" "" 0 56 ""
158 "Iterator OpenEdge.Core.Collections.Iterator OpenEdge.Core.Collections.Iterator" "" 0 38 ""
157 "Iterator OpenEdge.Core.Collections.Iterator OpenEdge.Core.Collections.Iterator" "" 0 34 ""
142 "CreateXmlDoc OpenEdge.ABLUnit.Writer.ResultsXmlWriter OpenEdge.ABLUnit.Writer.ResultsXmlWriter" "" 0 199 ""
122 "EnsureInitialized rssw.StaticLoad rssw.StaticLoad" "" 0 15 ""
133 "ABLUnitTest2 ABLUnitTest2" "" 0 0 ""
166 "~ResultsXmlWriter OpenEdge.ABLUnit.Writer.ResultsXmlWriter OpenEdge.ABLUnit.Writer.ResultsXmlWriter" "" 0 34 ""
161 "Next OpenEdge.Core.Collections.Iterator OpenEdge.Core.Collections.Iterator" "" 0 86 ""
28 "RunTests OpenEdge.ABLUnit.Runner.ABLRunner OpenEdge.ABLUnit.Runner.ABLRunner" "" 0 250 ""
33 "populateTestModelForTestCase OpenEdge.ABLUnit.Runner.ABLRunner OpenEdge.ABLUnit.Runner.ABLRunner" "" 0 904 ""
79 "TestClass OpenEdge.ABLUnit.Model.TestClass OpenEdge.ABLUnit.Model.TestClass" "" 0 27 ""
109 "TestTestResult OpenEdge.ABLUnit.Results.TestTestResult OpenEdge.ABLUnit.Results.TestTestResult" "" 0 98 ""
91 "getTestEntities OpenEdge.ABLUnit.Model.TestEntity OpenEdge.ABLUnit.Model.TestRootModel" "" 0 51 ""
6 "OpenEdge.ABLUnit.Runner.ABLRunner" "" 40689 0 ""
124 "Add OpenEdge.ABLUnit.Results.TestResultList OpenEdge.ABLUnit.Results.TestResultList" "" 0 95 ""
110 "TestTestResult OpenEdge.ABLUnit.Results.TestTestResult OpenEdge.ABLUnit.Results.TestTestResult" "" 0 91 ""
163 "Clear OpenEdge.Core.Collections.AbstractTTCollection OpenEdge.Core.Collections.Collection" "" 0 115 ""
30 "ResultsXmlWriter OpenEdge.ABLUnit.Writer.ResultsXmlWriter" "" 0 0 ""
160 "HasNext OpenEdge.Core.Collections.Iterator OpenEdge.Core.Collections.Iterator" "" 0 67 ""
164 "~WidgetHandle OpenEdge.Core.WidgetHandle OpenEdge.Core.WidgetHandle" "" 0 35 ""
165 "~AbstractTTCollection OpenEdge.Core.Collections.AbstractTTCollection OpenEdge.Core.Collections.Collection" "" 0 69 ""
112 "NotNull OpenEdge.Core.Assert OpenEdge.Core.Assert" "" 0 217 ""
129 "StopEntity OpenEdge.ABLUnit.Model.TestCase OpenEdge.ABLUnit.Model.TestClass" "" 0 206 ""
85 "TestMethod OpenEdge.ABLUnit.Model.TestMethod OpenEdge.ABLUnit.Model.TestMethod" "" 0 22 ""
147 "CreateXmlNode OpenEdge.ABLUnit.Writer.ResultsXmlWriter OpenEdge.ABLUnit.Writer.ResultsXmlWriter" "" 0 185 ""
130 "DestroyEntity OpenEdge.ABLUnit.Model.TestClass OpenEdge.ABLUnit.Model.TestClass" "" 0 32 ""
125 "Add OpenEdge.Core.Collections.List OpenEdge.ABLUnit.Results.TestResultList" "" 0 129 ""
55 "NotNull OpenEdge.Core.Assert OpenEdge.Core.Assert" "" 0 744 ""
99 "StartEntity OpenEdge.ABLUnit.Model.TestCase OpenEdge.ABLUnit.Model.TestClass" "" 0 166 ""
86 "TestEntity OpenEdge.ABLUnit.Model.TestEntity OpenEdge.ABLUnit.Model.TestMethod" "" 0 40 ""
162 "~Iterator OpenEdge.Core.Collections.Iterator OpenEdge.Core.Collections.Iterator" "" 0 112 ""
76 "getTestName OpenEdge.ABLUnit.Reflection.TestInfo OpenEdge.ABLUnit.Reflection.TestInfo" "" 0 39 ""
40 "TypeInfo OpenEdge.ABLUnit.Reflection.TypeInfo" "" 0 0 ""
168 "~AbstractTTCollection OpenEdge.Core.Collections.AbstractTTCollection OpenEdge.ABLUnit.Reflection.TestInfoList" "" 0 69 ""
82 "addTestEntity OpenEdge.ABLUnit.Model.TestEntity OpenEdge.ABLUnit.Model.TestRootModel" "" 0 59 ""
34 "populateTestModelForTestClass OpenEdge.ABLUnit.Runner.ABLRunner OpenEdge.ABLUnit.Runner.ABLRunner" "" 0 566 ""
47 "HasAnnotation OpenEdge.ABLUnit.Reflection.AnnotationUtil OpenEdge.ABLUnit.Reflection.AnnotationUtil" "" 0 76 ""
144 "WidgetHandle OpenEdge.Core.WidgetHandle OpenEdge.Core.WidgetHandle" "" 0 46 ""
140 "AbstractTTCollection OpenEdge.Core.Collections.AbstractTTCollection OpenEdge.Core.Collections.Collection" "" 0 56 ""
39 "OpenEdge.ABLUnit.Reflection.TypeInfo" "" 4036 0 ""
141 "AbstractTTCollection OpenEdge.Core.Collections.AbstractTTCollection OpenEdge.Core.Collections.Collection" "" 0 61 ""
151 "AddTestcase OpenEdge.ABLUnit.Writer.ResultsXmlWriter OpenEdge.ABLUnit.Writer.ResultsXmlWriter" "" 0 405 ""
106 "RunChild OpenEdge.ABLUnit.Model.TestCase OpenEdge.ABLUnit.Model.TestClass" "" 0 48 ""
96 "getChildrenSize OpenEdge.ABLUnit.Model.TestEntity OpenEdge.ABLUnit.Model.TestMethod" "" 0 55 ""
121 "LoadEntity rssw.StaticLoad rssw.StaticLoad" "" 0 10 ""
78 "OpenEdge.ABLUnit.Model.TestClass" "" 38672 0 ""
44 "ClassInfo OpenEdge.ABLUnit.Reflection.ClassInfo OpenEdge.ABLUnit.Reflection.ClassInfo" "" 0 21 ""
95 "getTestEntities OpenEdge.ABLUnit.Model.TestEntity OpenEdge.ABLUnit.Model.TestMethod" "" 0 51 ""
62 "ClassAnnotationInfo OpenEdge.ABLUnit.Reflection.ClassAnnotationInfo OpenEdge.ABLUnit.Reflection.ClassAnnotationInfo" "" 0 21 ""
3 "OpenEdge.ABLUnit.Runner.TestConfig" "" 30357 0 ""
66 "List OpenEdge.Core.Collections.List OpenEdge.ABLUnit.Reflection.TestInfoList" "" 0 39 ""
148 "AddChildEntities OpenEdge.ABLUnit.Writer.ResultsXmlWriter OpenEdge.ABLUnit.Writer.ResultsXmlWriter" "" 0 216 ""
119 "rssw.StaticLoad" "" 46497 0 ""
138 "OpenEdge.Core.Collections.Collection" "" 33559 0 ""
92 "getChildrenSize OpenEdge.ABLUnit.Model.TestEntity OpenEdge.ABLUnit.Model.TestRootModel" "" 0 55 ""
77 "OpenEdge.ABLUnit.Model.TestCase" "" 34780 0 ""
67 "AbstractTTCollection OpenEdge.Core.Collections.AbstractTTCollection OpenEdge.ABLUnit.Reflection.TestInfoList" "" 0 56 ""
128 "Add OpenEdge.ABLUnit.Results.TestTypeResult OpenEdge.ABLUnit.Results.TestTypeResult" "" 0 82 ""
68 "AbstractTTCollection OpenEdge.Core.Collections.AbstractTTCollection OpenEdge.ABLUnit.Reflection.TestInfoList" "" 0 61 ""
155 "Iterator OpenEdge.Core.Collections.List OpenEdge.ABLUnit.Results.TestResultList" "" 0 287 ""
24 "OpenEdge.ABLUnit.Results.TestTypeResult" "" 41792 0 ""
29 "OpenEdge.ABLUnit.Writer.ResultsXmlWriter" "" 39426 0 ""
80 "TestCase OpenEdge.ABLUnit.Model.TestCase OpenEdge.ABLUnit.Model.TestClass" "" 0 41 ""
35 "getRelativePathOfClasses OpenEdge.ABLUnit.Runner.ABLRunner OpenEdge.ABLUnit.Runner.ABLRunner" "" 0 1092 ""
10 "OpenEdge.ABLUnit.Model.TestRootModel" "" 17529 0 ""
60 "OpenEdge.ABLUnit.Reflection.TestAnnotationInfo" "" 4859 0 ""
25 "TestTypeResult OpenEdge.ABLUnit.Results.TestTypeResult" "" 0 0 ""
152 "GetTestResults OpenEdge.ABLUnit.Model.TestEntity OpenEdge.ABLUnit.Model.TestMethod" "" 0 83 ""
20 "TestResultList OpenEdge.ABLUnit.Results.TestResultList OpenEdge.ABLUnit.Results.TestResultList" "" 0 79 ""
9 "OpenEdge.ABLUnit.Model.TestEntity" "" 25413 0 ""
101 "getClassName OpenEdge.ABLUnit.Reflection.ClassInfo OpenEdge.ABLUnit.Reflection.ClassInfo" "" 0 26 ""
107 "getTestInfo OpenEdge.ABLUnit.Model.TestMethod OpenEdge.ABLUnit.Model.TestMethod" "" 0 30 ""
153 "ToTestTestResultArray OpenEdge.ABLUnit.Results.TestResultList OpenEdge.ABLUnit.Results.TestResultList" "" 0 191 ""
52 "OpenEdge.Core.Assert" "" 16088 0 ""
111 "propSet_TestResult OpenEdge.ABLUnit.Results.TestTestResult OpenEdge.ABLUnit.Results.TestTestResult" "" 0 25 ""
83 "populateTestModelForTestMethod OpenEdge.ABLUnit.Runner.ABLRunner OpenEdge.ABLUnit.Runner.ABLRunner" "" 0 711 ""
4 "TestConfig OpenEdge.ABLUnit.Runner.TestConfig OpenEdge.ABLUnit.Runner.TestConfig" "" 0 103 ""
93 "getTestEntities OpenEdge.ABLUnit.Model.TestEntity OpenEdge.ABLUnit.Model.TestClass" "" 0 51 ""
42 "OpenEdge.ABLUnit.Reflection.ClassInfo" "" 53585 0 ""
100 "InstantiateEntity OpenEdge.ABLUnit.Model.TestClass OpenEdge.ABLUnit.Model.TestClass" "" 0 42 ""
64 "OpenEdge.ABLUnit.Reflection.TestInfoList" "" 8100 0 ""
56 "propGet_Length OpenEdge.Core.Collections.Array OpenEdge.Core.Collections.Array" "" 0 69 ""
58 "TestInfo OpenEdge.ABLUnit.Reflection.TestInfo OpenEdge.ABLUnit.Reflection.TestInfo" "" 0 28 ""
126 "Add OpenEdge.Core.Collections.AbstractTTCollection OpenEdge.ABLUnit.Results.TestResultList" "" 0 74 ""
154 "ToArray OpenEdge.Core.Collections.AbstractTTCollection OpenEdge.ABLUnit.Results.TestResultList" "" 0 207 ""
37 "ParseXMLDocument OpenEdge.ABLUnit.Runner.ABLRunner OpenEdge.ABLUnit.Runner.ABLRunner" "" 0 377 ""
169 "returnValue C:\Users\gquer\AppData\Local\Temp\pctinit41470172.p" "" 0 58 ""
150 "NotNull OpenEdge.Core.Assert OpenEdge.Core.Assert" "" 0 512 ""
136 "WriteToFile OpenEdge.ABLUnit.Writer.ResultsXmlWriter OpenEdge.ABLUnit.Writer.ResultsXmlWriter" "" 0 67 ""
87 "Get OpenEdge.Core.Collections.List OpenEdge.ABLUnit.Reflection.TestInfoList" "" 0 248 ""
117 "testProfiler.p" "" 46894 0 ""
103 "ABLUnitTest1 ABLUnitTest1" "" 0 0 ""
88 "setTestInfo OpenEdge.ABLUnit.Model.TestMethod OpenEdge.ABLUnit.Model.TestMethod" "" 0 26 ""
46 "AnnotationUtil OpenEdge.ABLUnit.Reflection.AnnotationUtil OpenEdge.ABLUnit.Reflection.AnnotationUtil" "" 0 91 ""
113 "GetExpectedExceptionName OpenEdge.ABLUnit.Reflection.AnnotationUtil OpenEdge.ABLUnit.Reflection.AnnotationUtil" "" 0 55 ""
1 "C:\Users\gquer\AppData\Local\Temp\pctinit41470172.p" "" 41979 0 ""
145 "NotUnknown OpenEdge.Core.Assert OpenEdge.Core.Assert" "" 0 735 ""
26 "updateStackTraceProperty OpenEdge.ABLUnit.Runner.ABLRunner OpenEdge.ABLUnit.Runner.ABLRunner" "" 0 93 ""
89 "addTestEntity OpenEdge.ABLUnit.Model.TestEntity OpenEdge.ABLUnit.Model.TestClass" "" 0 59 ""
41 "GetRefTypeAttribute OpenEdge.ABLUnit.Runner.ABLRunner OpenEdge.ABLUnit.Runner.ABLRunner" "" 0 410 ""
54 "IsPositive OpenEdge.Core.Assert OpenEdge.Core.Assert" "" 0 871 ""
75 "Add OpenEdge.Core.Collections.AbstractTTCollection OpenEdge.ABLUnit.Reflection.TestInfoList" "" 0 74 ""
73 "Add OpenEdge.ABLUnit.Reflection.TestInfoList OpenEdge.ABLUnit.Reflection.TestInfoList" "" 0 95 ""
70 "GetValue OpenEdge.Core.Collections.Array OpenEdge.Core.Collections.Array" "" 0 201 ""
21 "List OpenEdge.Core.Collections.List OpenEdge.ABLUnit.Results.TestResultList" "" 0 39 ""
146 "Add OpenEdge.Core.Collections.AbstractTTCollection OpenEdge.Core.Collections.Collection" "" 0 74 ""
13 "OpenEdge.Core.Collections.Array" "" 14090 0 ""
5 "Initialize OpenEdge.ABLUnit.Runner.TestConfig OpenEdge.ABLUnit.Runner.TestConfig" "" 0 128 ""
48 "propGet_Size OpenEdge.Core.Collections.Array OpenEdge.Core.Collections.Array" "" 0 60 ""
137 "WriteXml OpenEdge.ABLUnit.Writer.ResultsXmlWriter OpenEdge.ABLUnit.Writer.ResultsXmlWriter" "" 0 87 ""
51 "SetValue OpenEdge.Core.Collections.Array OpenEdge.Core.Collections.Array" "" 0 277 ""
17 "OpenEdge.Core.Collections.AbstractTTCollection" "" 32813 0 ""
72 "AddTestMethod OpenEdge.ABLUnit.Reflection.ClassAnnotationInfo OpenEdge.ABLUnit.Reflection.ClassAnnotationInfo" "" 0 45 ""
49 "OpenEdge.ABLUnit.Reflection.AnnotationInfo" "" 41661 0 ""
114 "GetExpectedErrorType OpenEdge.ABLUnit.Model.TestCase OpenEdge.ABLUnit.Model.TestClass" "" 0 330 ""
63 "TestAnnotationInfo OpenEdge.ABLUnit.Reflection.TestAnnotationInfo OpenEdge.ABLUnit.Reflection.ClassAnnotationInfo" "" 0 46 ""
81 "TestEntity OpenEdge.ABLUnit.Model.TestEntity OpenEdge.ABLUnit.Model.TestClass" "" 0 40 ""
143 "OpenEdge.Core.WidgetHandle" "" 38057 0 ""
131 "AddTestResult OpenEdge.ABLUnit.Model.TestEntity OpenEdge.ABLUnit.Model.TestClass" "" 0 74 ""
118 "test1 testProfiler.p" "" 0 5 ""
135 "test2 testProfiler.p" "" 0 9 ""
116 "test1 ABLUnitTest1 ABLUnitTest1" "" 0 8 ""
115 "InvokeTestMethod OpenEdge.ABLUnit.Model.TestClass OpenEdge.ABLUnit.Model.TestClass" "" 0 57 ""
74 "Add OpenEdge.Core.Collections.List OpenEdge.ABLUnit.Reflection.TestInfoList" "" 0 129 ""
90 "loadSerializedTree OpenEdge.ABLUnit.Runner.ABLRunner OpenEdge.ABLUnit.Runner.ABLRunner" "" 0 932 ""
97 "updateFile OpenEdge.ABLUnit.Runner.ABLRunner OpenEdge.ABLUnit.Runner.ABLRunner" "" 0 1378 ""
27 "GetResultsFile OpenEdge.ABLUnit.Runner.TestConfig OpenEdge.ABLUnit.Runner.TestConfig" "" 0 115 ""
45 "OpenEdge.ABLUnit.Reflection.AnnotationUtil" "" 58982 0 ""
38 "ParseSourceElement OpenEdge.ABLUnit.Runner.ABLRunner OpenEdge.ABLUnit.Runner.ABLRunner" "" 0 427 ""
2 "ABLUnitCore.p" "" 50201 0 ""
11 "TestRootModel OpenEdge.ABLUnit.Model.TestRootModel OpenEdge.ABLUnit.Model.TestRootModel" "" 0 18 ""
12 "TestEntity OpenEdge.ABLUnit.Model.TestEntity OpenEdge.ABLUnit.Model.TestRootModel" "" 0 40 ""
31 "populateTestModel OpenEdge.ABLUnit.Runner.ABLRunner OpenEdge.ABLUnit.Runner.ABLRunner" "" 0 922 ""
156 "OpenEdge.Core.Collections.Iterator" "" 49296 0 ""
104 "RunLifecycleMethods OpenEdge.ABLUnit.Model.TestCase OpenEdge.ABLUnit.Model.TestClass" "" 0 264 ""
120 "StaticLoad rssw.StaticLoad rssw.StaticLoad" "" 0 6 ""
59 "~Array OpenEdge.Core.Collections.Array OpenEdge.Core.Collections.Array" "" 0 125 ""
32 "populateTestModel OpenEdge.ABLUnit.Runner.ABLRunner OpenEdge.ABLUnit.Runner.ABLRunner" "" 0 954 ""
57 "OpenEdge.ABLUnit.Reflection.TestInfo" "" 10226 0 ""
50 "AnnotationInfo OpenEdge.ABLUnit.Reflection.AnnotationInfo OpenEdge.ABLUnit.Reflection.AnnotationInfo" "" 0 25 ""
94 "getChildrenSize OpenEdge.ABLUnit.Model.TestEntity OpenEdge.ABLUnit.Model.TestClass" "" 0 55 ""
127 "Add OpenEdge.ABLUnit.Results.TestTypeResult OpenEdge.ABLUnit.Results.TestTypeResult" "" 0 96 ""
36 "BuildTypeInfo OpenEdge.ABLUnit.Runner.ABLRunner OpenEdge.ABLUnit.Runner.ABLRunner" "" 0 320 ""
139 "Collection OpenEdge.Core.Collections.Collection OpenEdge.Core.Collections.Collection" "" 0 32 ""
134 "test2 ABLUnitTest2 ABLUnitTest2" "" 0 8 ""
19 "OpenEdge.ABLUnit.Results.TestResultList" "" 41184 0 ""
53 "Assert OpenEdge.Core.Assert OpenEdge.Core.Assert" "" 0 1144 ""
18 "OpenEdge.Core.Collections.List" "" 57303 0 ""
132 "ABLUnitTest2" "" 15152 0 ""
7 "ABLRunner OpenEdge.ABLUnit.Runner.ABLRunner OpenEdge.ABLUnit.Runner.ABLRunner" "" 0 102 ""
43 "GetObjectIdAttribute OpenEdge.ABLUnit.Runner.ABLRunner OpenEdge.ABLUnit.Runner.ABLRunner" "" 0 418 ""
8 "ABLRunner OpenEdge.ABLUnit.Runner.ABLRunner OpenEdge.ABLUnit.Runner.ABLRunner" "" 0 83 ""
167 "~AbstractTTCollection OpenEdge.Core.Collections.AbstractTTCollection OpenEdge.ABLUnit.Results.TestResultList" "" 0 69 ""
14 "Array OpenEdge.Core.Collections.Array OpenEdge.Core.Collections.Array" "" 0 77 ""
16 "Array OpenEdge.Core.Collections.Array OpenEdge.Core.Collections.Array" "" 0 84 ""
15 "Array OpenEdge.Core.Collections.Array OpenEdge.Core.Collections.Array" "" 0 118 ""
105 "ProcessTestResult OpenEdge.ABLUnit.Runner.ABLRunner OpenEdge.ABLUnit.Runner.ABLRunner" "" 0 1120 ""
159 "PrepareQuery OpenEdge.Core.Collections.Iterator OpenEdge.Core.Collections.Iterator" "" 0 56 ""
149 "CreatePropertiesElement OpenEdge.ABLUnit.Writer.ResultsXmlWriter OpenEdge.ABLUnit.Writer.ResultsXmlWriter" "" 0 129 ""
65 "TestInfoList OpenEdge.ABLUnit.Reflection.TestInfoList OpenEdge.ABLUnit.Reflection.TestInfoList" "" 0 79 ""
102 "ABLUnitTest1" "" 1168 0 ""
98 "runtests OpenEdge.ABLUnit.Runner.ABLRunner OpenEdge.ABLUnit.Runner.ABLRunner" "" 0 1173 ""
61 "OpenEdge.ABLUnit.Reflection.ClassAnnotationInfo" "" 34616 0 ""
123 "AddTestResult OpenEdge.ABLUnit.Model.TestEntity OpenEdge.ABLUnit.Model.TestMethod" "" 0 74 ""
69 "HasIgnoreAnnotation OpenEdge.ABLUnit.Reflection.AnnotationUtil OpenEdge.ABLUnit.Reflection.AnnotationUtil" "" 0 35 ""
71 "getAnnotationName OpenEdge.ABLUnit.Reflection.AnnotationInfo OpenEdge.ABLUnit.Reflection.AnnotationInfo" "" 0 35 ""
84 "OpenEdge.ABLUnit.Model.TestMethod" "" 18303 0 ""
.
149 135 147 4
125 130 126 4
98 1238 128 2
34 683 82 2
74 130 75 2
149 133 150 2
98 1244 129 2
106 156 123 2
1 56 169 1
99 171 94 2
87 251 54 2
106 159 104 2
147 190 143 9
131 77 127 2
137 97 91 1
137 97 92 1
115 65 134 1
131 75 124 2
99 179 100 2
137 117 70 2
70 204 48 28
70 202 54 28
34 635 76 2
147 190 144 9
147 190 146 9
153 192 154 2
34 630 72 2
28 -2 165 1
137 95 17 1
99 192 104 2
142 204 143 1
142 204 146 1
100 48 132 1
100 48 133 1
142 204 144 1
34 587 69 2
154 215 155 2
1 -2 168 5
1 -2 167 4
2 -2 166 1
34 594 70 2
129 220 130 2
154 219 161 2
154 218 160 4
34 605 70 2
167 -2 59 2
34 606 71 2
148 226 147 4
34 581 36 2
34 580 35 2
129 240 131 2
134 10 117 1
34 584 62 2
34 584 60 2
34 584 61 2
63 47 17 10
0 0 1 1
116 15 121 1
116 14 120 1
63 47 18 10
79 28 80 2
121 11 122 1
116 11 118 1
134 11 135 1
113 61 70 2
116 10 117 1
116 14 119 1
85 23 86 2
11 19 12 1
62 22 63 2
157 35 158 2
12 48 24 1
12 48 25 1
139 33 140 1
12 42 14 1
148 226 95 2
66 40 67 10
12 42 15 1
148 226 93 2
69 40 70 2
80 42 81 2
21 40 22 5
12 42 13 2
100 45 101 2
158 47 159 2
72 47 73 2
1 45 2 1
144 49 145 10
129 217 104 2
100 48 102 1
12 42 20 1
100 48 103 1
12 42 18 1
12 42 19 1
33 908 34 2
12 42 17 1
140 57 141 1
22 57 23 5
90 940 96 6
67 57 68 10
106 64 107 2
136 71 137 1
115 65 116 1
106 64 108 2
106 95 114 2
106 64 109 2
2 76 6 1
123 77 127 2
106 82 113 2
2 76 7 1
31 924 32 2
8 88 26 1
2 75 3 1
123 75 124 2
2 75 4 1
47 81 48 2
90 940 94 12
63 47 64 10
90 940 92 10
63 47 65 10
20 80 21 5
106 80 104 2
90 938 91 4
69 39 48 6
65 80 66 10
2 77 28 1
90 938 93 6
8 85 9 1
152 84 153 2
90 942 90 12
90 938 95 6
8 85 11 1
89 61 51 2
8 85 10 1
90 941 70 12
137 95 138 1
82 61 51 2
137 95 139 1
110 92 111 2
109 99 110 2
124 96 125 4
73 96 74 2
137 97 142 1
136 76 163 1
137 117 148 2
86 42 20 2
81 42 19 2
15 119 16 13
7 103 8 1
81 42 18 2
81 42 17 2
32 962 33 2
106 68 69 2
86 42 17 2
4 108 5 1
86 42 18 2
86 42 19 2
81 42 20 2
86 42 13 2
7 109 27 1
86 42 15 2
106 109 115 2
81 42 15 2
106 115 111 2
81 42 13 2
109 101 112 2
81 48 25 2
81 48 24 2
137 97 147 1
113 60 48 4
86 48 24 2
31 925 90 2
86 48 25 2
148 323 94 2
37 396 38 2
151 412 152 2
148 325 70 2
148 323 96 2
28 302 136 1
38 450 39 2
38 459 41 31
38 465 50 2
38 467 51 2
38 465 49 2
38 481 15 2
38 481 13 2
38 450 40 2
38 475 45 1
38 504 15 2
38 475 47 2
38 504 13 2
38 475 46 1
38 473 44 2
38 473 43 2
38 473 42 2
38 465 43 2
38 501 51 2
38 490 43 2
38 448 15 2
38 448 13 2
38 452 15 2
38 452 13 2
38 490 57 2
38 490 58 2
148 265 101 2
28 263 30 1
28 263 29 1
54 872 55 38
51 278 53 1
148 272 149 2
51 278 52 1
51 280 56 16
51 278 54 8
155 288 157 2
28 293 31 2
155 288 156 2
105 1130 128 2
105 1164 97 6
98 1205 94 2
98 1204 93 2
98 1205 92 1
98 1204 91 1
148 309 151 2
98 1182 97 3
148 325 148 2
28 307 97 1
28 300 98 1
28 294 97 2
36 348 37 2
28 294 90 2
98 1211 99 2
98 1231 105 2
98 1229 106 2
98 1227 97 2
98 1218 105 2
98 1236 98 2
98 1222 70 4
83 723 9 2
34 678 9 2
98 1256 97 3
98 1252 105 2
1 -2 59 6
153 -2 162 2
37 -2 59 2
33 -2 59 2
34 688 83 2
83 728 76 2
34 678 77 2
167 -2 168 5
34 678 78 2
34 678 79 2
83 730 89 2
163 -2 164 10
83 729 88 2
83 726 87 2
83 723 84 2
83 723 85 2
59 -2 59 1
167 -2 167 1
.
166 38 1 0.000000 0.000000
164 36 10 0.000013 0.000013
128 0 4 0.000013 0.000046
129 0 2 0.000006 0.000128
166 36 1 0.000006 0.000006
164 38 10 0.000062 0.000062
130 0 2 0.000003 0.000023
5 135 1 0.000000 0.000000
164 39 10 0.000001 0.000001
131 0 2 0.000004 0.000053
5 134 1 0.000035 0.000035
132 0 1 0.000007 0.000007
133 0 1 0.000000 0.000000
134 0 1 0.000003 0.000035
135 0 1 0.000002 0.000006
136 0 1 0.000004 0.004865
5 141 1 0.000002 0.000002
137 0 1 0.000006 0.004137
5 140 1 0.000000 0.000000
138 0 1 0.000044 0.000044
134 12 1 0.000004 0.000004
70 204 28 0.000062 0.000119
5 143 1 0.000010 0.000010
139 0 1 0.000002 0.000041
134 13 1 0.000000 0.000000
5 142 1 0.000004 0.000004
140 0 1 0.000003 0.000021
135 11 1 0.000000 0.000000
134 10 1 0.000009 0.000019
70 202 28 0.000086 0.000315
141 0 1 0.000003 0.000008
134 11 1 0.000003 0.000009
135 10 1 0.000004 0.000004
5 136 1 0.000006 0.000006
142 0 1 0.000004 0.001262
5 139 1 0.000004 0.000004
143 0 10 0.000041 0.000041
144 0 10 0.000023 0.000123
5 149 1 0.000005 0.000005
145 0 10 0.000027 0.000042
5 148 1 0.000001 0.000001
146 0 10 0.000037 0.000234
147 0 9 0.000023 0.000541
5 150 1 0.000001 0.000001
169 61 1 0.000002 0.000002
148 0 4 0.000022 0.003596
169 60 1 0.000003 0.000003
149 0 2 0.000010 0.000339
5 144 1 0.000002 0.000002
150 0 2 0.000005 0.000013
70 208 28 0.000035 0.000035
5 147 1 0.000003 0.000003
169 62 1 0.000000 0.000000
151 0 2 0.000009 0.001281
70 209 28 0.000001 0.000001
152 0 2 0.000002 0.001200
153 0 2 0.000004 0.001189
5 156 1 0.000002 0.000002
154 0 2 0.000005 0.001136
5 159 1 0.000004 0.000004
155 0 2 0.000004 0.001038
156 0 2 0.000010 0.000010
5 153 1 0.000000 0.000000
157 0 2 0.000007 0.000315
158 0 2 0.000007 0.000283
159 0 2 0.000008 0.000139
5 154 1 0.000000 0.000000
160 0 4 0.000009 0.000029
5 165 1 0.000001 0.000001
161 0 2 0.000005 0.000022
144 49 10 0.000025 0.000067
162 0 2 0.000002 0.000028
144 50 10 0.000019 0.000019
99 193 2 0.000000 0.000000
163 0 1 0.000002 0.000152
130 33 2 0.000009 0.000009
99 192 2 0.000019 0.000047
164 0 10 0.000017 0.000096
144 52 10 0.000000 0.000000
130 38 2 0.000003 0.000003
165 0 1 0.000002 0.000007
130 39 2 0.000000 0.000000
5 160 1 0.000002 0.000002
166 0 1 0.000001 0.000007
159 57 2 0.000127 0.000127
167 0 5 0.000007 0.000241
5 162 1 0.000001 0.000001
168 0 10 0.000015 0.000025
158 54 2 0.000002 0.000002
99 203 2 0.000000 0.000000
87 255 2 0.000024 0.000024
169 0 1 0.000003 0.000008
139 34 1 0.000000 0.000000
139 33 1 0.000018 0.000039
112 218 2 0.000010 0.000010
158 53 2 0.000048 0.000048
87 252 2 0.000002 0.000002
112 220 2 0.000000 0.000000
87 251 2 0.000012 0.000030
5 169 1 0.000002 0.000002
158 46 2 0.000004 0.000004
158 47 2 0.000008 0.000147
141 63 1 0.000001 0.000001
158 45 2 0.000004 0.000004
141 62 1 0.000004 0.000004
158 42 2 0.000052 0.000052
158 43 2 0.000010 0.000010
140 57 1 0.000010 0.000018
158 40 2 0.000002 0.000002
140 58 1 0.000000 0.000000
157 36 2 0.000000 0.000000
158 39 2 0.000007 0.000007
5 188 1 0.000000 0.000000
5 191 1 0.000004 0.000004
5 190 1 0.000004 0.000004
157 35 2 0.000025 0.000308
144 47 10 0.000014 0.000014
146 82 10 0.000004 0.000004
136 73 1 0.000548 0.000548
146 83 10 0.000000 0.000000
74 136 2 0.000001 0.000001
161 98 2 0.000000 0.000000
146 81 10 0.000040 0.000040
74 137 2 0.000000 0.000000
136 76 1 0.000007 0.000159
136 77 1 0.000000 0.000000
136 78 1 0.000003 0.000162
74 140 2 0.000001 0.000001
146 85 10 0.000015 0.000015
5 194 1 0.000000 0.000000
131 75 2 0.000012 0.000038
106 162 2 0.000000 0.000000
99 171 2 0.000013 0.000017
74 130 2 0.000012 0.000112
74 131 2 0.000002 0.000002
106 161 2 0.000015 0.000015
152 84 2 0.000009 0.001198
74 134 2 0.000030 0.000030
152 85 2 0.000000 0.000000
131 78 2 0.000001 0.000001
99 174 2 0.000002 0.000002
74 135 2 0.000017 0.000017
141 67 1 0.000000 0.000000
131 77 2 0.000004 0.000010
99 173 2 0.000000 0.000000
136 71 1 0.000014 0.004151
162 114 2 0.000010 0.000010
99 179 2 0.000006 0.000389
162 115 2 0.000001 0.000001
99 177 2 0.000001 0.000001
162 113 2 0.000007 0.000007
128 83 4 0.000008 0.000008
128 84 4 0.000024 0.000024
163 118 1 0.000000 0.000000
163 117 1 0.000002 0.000002
162 116 2 0.000006 0.000006
137 95 1 0.000450 0.000542
163 116 1 0.000022 0.000022
162 117 2 0.000002 0.000002
137 94 1 0.000006 0.000006
146 75 10 0.000009 0.000009
128 91 4 0.000001 0.000001
146 78 10 0.000095 0.000095
159 65 2 0.000000 0.000000
146 76 10 0.000003 0.000003
99 189 2 0.000000 0.000000
159 64 2 0.000004 0.000004
146 77 10 0.000031 0.000031
168 72 10 0.000000 0.000000
137 105 1 0.000006 0.000006
167 70 5 0.000008 0.000008
137 107 1 0.000003 0.000003
165 70 1 0.000005 0.000005
137 106 1 0.000007 0.000007
137 108 1 0.000003 0.000003
160 70 4 0.000010 0.000010
137 110 1 0.000002 0.000002
137 97 1 0.000012 0.001354
106 130 2 0.000000 0.000000
165 72 1 0.000000 0.000000
168 70 10 0.000010 0.000010
137 103 1 0.000003 0.000003
167 72 5 0.000035 0.000035
160 79 4 0.000006 0.000006
137 102 1 0.000016 0.000016
137 121 1 0.000000 0.000000
137 120 1 0.000001 0.000001
160 81 4 0.000004 0.000004
125 140 4 0.000001 0.000001
106 153 2 0.000002 0.000002
160 84 4 0.000000 0.000000
125 137 2 0.000001 0.000001
106 159 2 0.000007 0.000021
125 136 2 0.000001 0.000001
125 139 2 0.000000 0.000000
106 156 2 0.000006 0.000216
161 89 2 0.000011 0.000011
161 91 2 0.000000 0.000000
125 135 2 0.000012 0.000012
161 90 2 0.000001 0.000001
125 134 2 0.000020 0.000020
137 117 2 0.000013 0.002186
161 93 2 0.000001 0.000001
161 92 2 0.000004 0.000004
137 116 3 0.000002 0.000002
125 131 2 0.000002 0.000002
137 118 2 0.000000 0.000000
161 94 2 0.000000 0.000000
125 130 4 0.000020 0.000107
0 0 1 0.000000 0.084769
149 149 1 0.000002 0.000002
75 75 2 0.000005 0.000005
1 0 1 0.005093 0.084769
149 148 1 0.000001 0.000001
106 107 2 0.000001 0.000001
2 0 1 0.000025 0.054154
149 151 1 0.000001 0.000001
149 150 1 0.000007 0.000007
3 0 1 0.000019 0.000019
4 0 1 0.000005 0.000128
149 144 1 0.000000 0.000000
75 78 2 0.000041 0.000041
5 0 1 0.000013 0.000106
75 77 2 0.000022 0.000022
6 0 1 0.000039 0.000039
149 146 1 0.000004 0.000004
106 109 2 0.000005 0.000327
75 76 2 0.000000 0.000000
68 67 10 0.000003 0.000003
7 0 1 0.000005 0.010145
106 98 2 0.000002 0.000002
109 101 2 0.000009 0.000028
8 0 1 0.000003 0.010103
149 156 1 0.000000 0.000000
106 99 2 0.000001 0.000001
9 0 5 0.000037 0.000037
149 159 1 0.000002 0.000002
109 103 2 0.000001 0.000001
63 53 2 0.000000 0.000000
10 0 1 0.000004 0.000004
149 158 1 0.000002 0.000002
109 102 2 0.000003 0.000003
11 0 1 0.000002 0.009285
149 153 1 0.000002 0.000002
12 0 1 0.000003 0.009264
1 13 1 0.017301 0.017301
48 61 40 0.000032 0.000032
13 0 14 0.000200 0.000200
1 12 1 0.000011 0.000011
149 155 1 0.000003 0.000003
109 99 2 0.000008 0.000552
48 62 40 0.000003 0.000003
14 0 1 0.000003 0.000011
149 154 1 0.000002 0.000002
15 0 13 0.000033 0.000250
1 14 1 0.000014 0.000014
149 133 2 0.000013 0.000026
63 47 2 0.001467 0.002412
65 81 10 0.000000 0.000000
16 0 13 0.000038 0.000157
65 80 10 0.000032 0.000345
17 0 16 0.000096 0.000096
149 135 2 0.000010 0.000234
50 32 2 0.000000 0.000000
18 0 15 0.000672 0.000672
19 0 5 0.000018 0.000018
20 0 5 0.000008 0.000228
21 0 5 0.000007 0.000206
22 0 5 0.000018 0.000090
1 23 1 0.000010 0.000010
127 104 4 0.000001 0.000001
23 0 5 0.000023 0.000038
1 22 1 0.000001 0.000001
149 141 1 0.000000 0.000000
75 83 2 0.000001 0.000001
11 19 1 0.000018 0.009282
24 0 5 0.000021 0.000021
1 25 1 0.000000 0.000000
149 140 1 0.000016 0.000016
127 102 2 0.000003 0.000003
106 115 2 0.000013 0.000027
75 82 2 0.000001 0.000001
25 0 5 0.000000 0.000000
106 112 2 0.000003 0.000003
75 81 2 0.000019 0.000019
58 32 2 0.000000 0.000000
26 0 1 0.000002 0.000008
149 142 1 0.000001 0.000001
27 0 1 0.000003 0.000019
1 26 1 0.000003 0.000003
28 0 1 0.000012 0.041024
124 96 4 0.000018 0.000171
1 29 1 0.000218 0.000218
127 98 2 0.000010 0.000013
124 97 4 0.000001 0.000001
29 0 1 0.000010 0.000010
1 28 1 0.000221 0.000221
149 139 1 0.000001 0.000001
127 97 4 0.000010 0.000010
75 85 2 0.000004 0.000004
30 0 1 0.000000 0.000000
1 31 1 0.000244 0.000244
149 138 2 0.000001 0.000001
31 0 2 0.000007 0.031590
11 20 1 0.000001 0.000001
1 30 1 0.000233 0.000233
32 0 2 0.000011 0.031168
1 33 1 0.000009 0.000009
33 0 2 0.000010 0.030686
1 32 1 0.000263 0.000263
34 0 2 0.000023 0.030612
1 35 1 0.000000 0.000000
35 0 2 0.000008 0.000015
12 47 1 0.000002 0.000002
1 34 1 0.000000 0.000000
36 0 2 0.000021 0.023818
58 30 2 0.000002 0.000002
1 37 2 0.000003 0.000003
149 176 1 0.000001 0.000001
37 0 2 0.000019 0.006455
58 31 2 0.000002 0.000002
12 41 1 0.000007 0.000007
1 39 1 0.000008 0.000008
149 179 2 0.000000 0.000000
38 0 2 0.000054 0.004057
12 42 1 0.008608 0.008900
149 178 1 0.000001 0.000001
106 77 2 0.000008 0.000008
58 29 2 0.000008 0.000008
39 0 2 0.000011 0.000011
1 38 2 0.000004 0.000004
73 97 2 0.000000 0.000000
62 22 2 0.000012 0.002426
40 0 2 0.000000 0.000000
23 63 5 0.000006 0.000006
1 40 1 0.000001 0.000001
73 96 2 0.000013 0.000181
62 23 2 0.000000 0.000000
50 27 2 0.000024 0.000024
41 0 31 0.000061 0.000143
23 62 5 0.000007 0.000007
1 43 1 0.000000 0.000000
126 84 2 0.000002 0.000002
106 64 2 0.000575 0.001180
42 0 2 0.000010 0.000010
1 42 1 0.000000 0.000000
126 85 4 0.000005 0.000005
43 0 6 0.000018 0.000046
1 45 1 0.006240 0.060394
126 82 2 0.000001 0.000001
44 0 2 0.000008 0.000020
22 58 5 0.000000 0.000000
147 190 9 0.000166 0.000493
126 83 2 0.000000 0.000000
45 0 1 0.000006 0.000006
1 44 1 0.000001 0.000001
147 189 9 0.000006 0.000006
106 68 2 0.000010 0.000088
46 0 1 0.000007 0.000007
147 188 9 0.000018 0.000018
126 81 2 0.000016 0.000016
47 0 2 0.000008 0.000032
22 57 5 0.000034 0.000072
149 165 1 0.000002 0.000002
123 75 2 0.000013 0.000166
126 78 2 0.000034 0.000034
48 0 40 0.000056 0.000091
149 164 1 0.000002 0.000002
115 66 2 0.000000 0.000000
113 64 2 0.000000 0.000000
49 0 2 0.000010 0.000010
126 76 2 0.000002 0.000002
115 65 2 0.000017 0.000301
110 92 2 0.000514 0.000541
50 0 2 0.000004 0.000028
149 166 1 0.000001 0.000001
126 77 2 0.000012 0.000012
113 66 2 0.000002 0.000002
110 93 2 0.000000 0.000000
51 0 8 0.000023 0.000743
1 53 1 0.000001 0.000001
149 161 1 0.000000 0.000000
52 0 1 0.000012 0.000012
44 24 2 0.000000 0.000000
1 52 2 0.000001 0.000001
149 160 1 0.000002 0.000002
123 78 2 0.000000 0.000000
126 75 4 0.000005 0.000005
106 95 2 0.000007 0.000022
113 68 2 0.000000 0.000000
53 0 1 0.000005 0.000005
1 55 1 0.000000 0.000000
149 163 1 0.000002 0.000002
123 77 2 0.000008 0.000040
54 0 38 0.000081 0.000322
1 54 1 0.000000 0.000000
55 0 38 0.000081 0.000122
1 57 1 0.000000 0.000000
149 173 1 0.000002 0.000002
106 82 2 0.000007 0.000104
56 0 16 0.000019 0.000036
2 58 1 0.000009 0.000009
1 56 1 0.000005 0.000013
57 0 2 0.000009 0.000009
2 59 1 0.000003 0.000003
149 175 1 0.000005 0.000005
106 80 2 0.000009 0.000023
58 0 2 0.000004 0.000016
44 22 2 0.000008 0.000008
149 174 1 0.000001 0.000001
59 0 13 0.000019 0.000151
44 23 2 0.000004 0.000004
149 169 1 0.000001 0.000001
60 0 2 0.000012 0.000012
12 48 1 0.000346 0.000352
21 41 5 0.000000 0.000000
149 168 1 0.000002 0.000002
106 87 2 0.000001 0.000001
61 0 2 0.000007 0.000007
12 49 1 0.000000 0.000000
21 40 5 0.000109 0.000199
149 171 1 0.000001 0.000001
62 0 2 0.000003 0.002429
2 60 1 0.000007 0.000007
149 170 1 0.000001 0.000001
63 0 2 0.000002 0.002414
2 61 1 0.000004 0.000004
154 218 4 0.000012 0.000041
142 206 1 0.000000 0.000000
64 0 10 0.000084 0.000084
14 78 1 0.000007 0.000007
154 219 2 0.000007 0.000029
142 207 1 0.000000 0.000000
65 0 10 0.000016 0.000361
14 79 1 0.000001 0.000001
2 67 1 0.000003 0.000003
142 204 1 0.001159 0.001230
85 23 2 0.000007 0.000412
66 0 10 0.000014 0.000313
88 27 2 0.000006 0.000006
67 0 10 0.000035 0.000150
142 202 1 0.000027 0.000027
88 28 2 0.000002 0.000002
68 0 10 0.000027 0.000057
59 127 13 0.000006 0.000006
26 94 1 0.000005 0.000005
20 80 5 0.000014 0.000220
2 70 1 0.001642 0.001642
154 223 2 0.000002 0.000002
142 203 1 0.000001 0.000001
69 0 4 0.000009 0.000184
59 126 13 0.000085 0.000085
26 95 1 0.000001 0.000001
20 81 5 0.000000 0.000000
2 71 1 0.000000 0.000000
70 0 28 0.000067 0.000537
2 68 1 0.000000 0.000000
154 221 2 0.000000 0.000000
71 0 2 0.000001 0.000008
2 69 1 0.000076 0.000076
72 0 2 0.000006 0.000207
115 58 2 0.000006 0.000006
100 45 2 0.000014 0.000024
73 0 2 0.000004 0.000185
2 75 1 0.000509 0.000656
74 0 2 0.000005 0.000168
16 90 13 0.000027 0.000027
107 32 2 0.000001 0.000001
75 0 2 0.000007 0.000100
113 61 2 0.000006 0.000040
76 0 4 0.000005 0.000017
154 215 2 0.000013 0.001051
115 62 2 0.000003 0.000003
113 60 4 0.000038 0.000044
85 24 2 0.000001 0.000001
77 0 2 0.000006 0.000006
16 93 13 0.000074 0.000074
154 212 2 0.000007 0.000007
78 0 2 0.000009 0.000009
2 76 1 0.000501 0.010685
2 77 1 0.000002 0.041026
113 62 2 0.000006 0.000006
79 0 2 0.000005 0.000440
129 209 2 0.000009 0.000009
100 52 2 0.000000 0.000000
80 0 2 0.000005 0.000425
8 88 1 0.000003 0.000011
81 0 2 0.000004 0.000409
8 89 1 0.000001 0.000001
2 80 1 0.000003 0.000003
147 193 9 0.000000 0.000000
82 0 2 0.000005 0.000074
79 29 2 0.000000 0.000000
8 90 1 0.000014 0.000014
147 192 9 0.000001 0.000001
106 57 2 0.000007 0.000007
83 0 2 0.000014 0.001105
79 28 2 0.000010 0.000435
8 91 1 0.000000 0.000000
129 213 2 0.000001 0.000001
100 48 2 0.000333 0.000348
84 0 2 0.000007 0.000007
23 67 5 0.000002 0.000002
129 212 2 0.000001 0.000001
85 0 2 0.000004 0.000417
100 50 2 0.000004 0.000004
86 0 2 0.000007 0.000405
106 61 2 0.000002 0.000002
87 0 2 0.000013 0.000086
153 193 2 0.000000 0.000000
129 217 2 0.000008 0.000022
96 56 8 0.000008 0.000008
88 0 2 0.000006 0.000014
153 192 2 0.000011 0.001147
96 57 8 0.000001 0.000001
89 0 2 0.000005 0.000075
129 219 2 0.000000 0.000000
90 0 16 0.000077 0.001476
91 0 6 0.000007 0.000034
92 0 12 0.000021 0.000034
8 84 1 0.000003 0.000003
129 220 2 0.000004 0.000027
93 0 10 0.000010 0.000025
8 85 1 0.000762 0.010067
94 0 18 0.000022 0.000037
8 86 1 0.000002 0.000002
95 0 8 0.000010 0.000021
8 87 1 0.000002 0.000002
96 0 8 0.000012 0.000021
81 49 2 0.000000 0.000000
7 103 1 0.000006 0.010109
97 0 17 0.000090 0.000119
81 48 2 0.000039 0.000048
27 122 1 0.000001 0.000001
98 0 3 0.000020 0.006256
71 37 2 0.000001 0.000001
69 39 6 0.000106 0.000123
27 121 1 0.000001 0.000001
99 0 2 0.000007 0.000463
71 36 2 0.000006 0.000006
27 120 1 0.000001 0.000001
129 229 2 0.000000 0.000000
116 16 1 0.000001 0.000001
100 0 2 0.000007 0.000383
92 56 12 0.000013 0.000013
89 61 2 0.000010 0.000062
76 40 4 0.000007 0.000007
129 228 2 0.000001 0.000001
101 0 4 0.000007 0.000015
92 57 12 0.000000 0.000000
89 60 2 0.000007 0.000007
76 41 4 0.000005 0.000005
102 0 1 0.000008 0.000008
94 56 18 0.000012 0.000012
89 63 2 0.000000 0.000000
86 48 2 0.000028 0.000034
72 46 2 0.000008 0.000008
103 0 1 0.000000 0.000000
94 57 18 0.000003 0.000003
89 62 2 0.000001 0.000001
86 49 2 0.000000 0.000000
72 47 2 0.000008 0.000193
122 18 1 0.000005 0.000005
104 0 8 0.000028 0.000070
93 53 10 0.000002 0.000002
69 45 4 0.000002 0.000002
7 111 1 0.000000 0.000000
4 108 1 0.000007 0.000113
2 107 1 0.000000 0.000000
122 19 1 0.000001 0.000001
105 0 6 0.000027 0.000168
93 52 10 0.000013 0.000013
7 110 1 0.000002 0.000002
4 109 1 0.000000 0.000000
148 254 4 0.000004 0.000004
106 0 2 0.000011 0.002061
122 16 1 0.000001 0.000001
95 53 8 0.000002 0.000002
69 47 4 0.000001 0.000001
66 40 10 0.000147 0.000297
7 109 1 0.000008 0.000027
148 255 2 0.000002 0.000002
122 17 1 0.000000 0.000000
107 0 2 0.000002 0.000007
95 52 8 0.000009 0.000009
66 41 10 0.000002 0.000002
69 41 2 0.000005 0.000005
108 0 2 0.000010 0.000010
82 62 2 0.000001 0.000001
7 107 1 0.000001 0.000001
4 104 1 0.000008 0.000008
2 111 1 0.000000 0.000000
69 40 2 0.000007 0.000043
109 0 2 0.000004 0.000588
82 63 2 0.000000 0.000000
4 105 1 0.000001 0.000001
2 108 1 0.000001 0.000001
122 20 1 0.000000 0.000000
69 43 2 0.000001 0.000001
110 0 2 0.000003 0.000544
91 53 6 0.000003 0.000003
82 60 2 0.000009 0.000009
27 117 1 0.000013 0.000013
7 105 1 0.000001 0.000001
122 21 1 0.000000 0.000000
111 0 4 0.000016 0.000041
91 52 6 0.000024 0.000024
82 61 2 0.000005 0.000059
4 107 1 0.000001 0.000001
129 241 2 0.000001 0.000001
120 8 1 0.000000 0.000000
118 6 1 0.000004 0.000004
112 0 2 0.000009 0.000019
129 240 2 0.000005 0.000058
118 7 1 0.000001 0.000001
113 0 2 0.000005 0.000097
111 30 4 0.000000 0.000000
16 97 13 0.000012 0.000012
148 230 4 0.000005 0.000005
121 11 1 0.000007 0.000018
114 0 2 0.000003 0.000015
111 29 4 0.000003 0.000003
129 242 2 0.000002 0.000061
115 0 2 0.000006 0.000322
116 0 1 0.000003 0.000249
121 13 1 0.000000 0.000000
107 31 2 0.000004 0.000004
16 100 13 0.000006 0.000006
121 12 1 0.000002 0.000002
117 0 2 0.000013 0.000039
111 26 4 0.000017 0.000017
15 122 13 0.000002 0.000002
148 226 4 0.000031 0.000281
118 0 1 0.000002 0.000007
47 89 2 0.000000 0.000000
15 121 13 0.000008 0.000008
119 0 1 0.000008 0.000008
117 2 2 0.000026 0.000026
120 0 1 0.000002 0.000002
116 12 1 0.000005 0.000005
81 41 2 0.000007 0.000007
72 48 2 0.000000 0.000000
47 87 2 0.000000 0.000000
15 119 13 0.000050 0.000207
121 0 1 0.000002 0.000022
101 28 4 0.000000 0.000000
86 47 2 0.000003 0.000003
67 58 10 0.000000 0.000000
154 224 2 0.000001 0.000001
122 0 1 0.000004 0.000011
116 14 1 0.000017 0.000027
80 42 2 0.000011 0.000420
67 57 10 0.000058 0.000115
68 62 10 0.000014 0.000014
26 96 1 0.000000 0.000000
123 0 2 0.000004 0.000210
116 15 1 0.000002 0.000024
80 43 2 0.000000 0.000000
81 42 2 0.000126 0.000347
68 63 10 0.000013 0.000013
124 0 4 0.000007 0.000179
86 42 2 0.000110 0.000355
125 0 4 0.000009 0.000153
126 0 4 0.000010 0.000087
116 10 1 0.000149 0.000178
101 27 4 0.000008 0.000008
81 47 2 0.000003 0.000003
56 70 16 0.000016 0.000016
47 81 2 0.000013 0.000024
127 0 4 0.000012 0.000038
116 11 1 0.000004 0.000011
86 41 2 0.000006 0.000006
56 71 16 0.000001 0.000001
148 272 2 0.000007 0.000346
148 275 2 0.000005 0.000005
43 419 6 0.000028 0.000028
43 420 6 0.000000 0.000000
148 260 2 0.000005 0.000005
148 256 2 0.000010 0.000010
148 258 2 0.000007 0.000007
148 259 2 0.000007 0.000007
148 268 2 0.000005 0.000005
38 446 2 0.000002 0.000002
148 269 2 0.000005 0.000005
148 270 2 0.000006 0.000006
38 444 2 0.000013 0.000013
38 445 2 0.000001 0.000001
148 264 2 0.000002 0.000002
148 265 2 0.000013 0.000018
148 267 2 0.000007 0.000007
148 308 2 0.000002 0.000002
148 309 2 0.000007 0.001288
37 388 2 0.001822 0.001822
148 311 2 0.000007 0.000007
37 390 2 0.000012 0.000012
37 385 2 0.000002 0.000002
148 305 2 0.000002 0.000002
37 384 2 0.000045 0.000045
148 306 2 0.000000 0.000000
37 387 2 0.000007 0.000007
37 386 2 0.000002 0.000002
37 397 2 0.000001 0.000001
37 396 2 0.000014 0.004071
148 318 2 0.000004 0.000004
148 319 2 0.000000 0.000000
37 398 4 0.000001 0.000001
148 312 2 0.000001 0.000001
37 393 4 0.000009 0.000009
37 392 4 0.000015 0.000015
37 395 2 0.000002 0.000002
148 315 2 0.000003 0.000003
37 394 4 0.000015 0.000015
37 405 2 0.000004 0.000374
37 404 2 0.000001 0.000001
41 411 31 0.000079 0.000079
37 401 2 0.000343 0.000343
41 412 31 0.000003 0.000003
37 403 2 0.000023 0.000023
37 402 2 0.000003 0.000003
155 289 2 0.000000 0.000000
155 288 2 0.000709 0.001034
38 486 2 0.000001 0.000001
38 487 2 0.000002 0.000002
38 484 2 0.000000 0.000000
38 482 2 0.000002 0.000002
38 483 2 0.000000 0.000000
38 480 2 0.000000 0.000000
38 481 2 0.000030 0.000072
38 494 40 0.000035 0.000035
38 495 20 0.000031 0.000031
38 492 40 0.000027 0.000027
38 493 40 0.000035 0.000035
38 490 2 0.000344 0.000381
38 491 2 0.000004 0.000004
38 488 2 0.000000 0.000000
148 324 6 0.000010 0.000010
38 502 2 0.000001 0.000001
148 325 2 0.000008 0.001506
38 503 2 0.000001 0.000001
148 326 2 0.000000 0.000000
38 500 40 0.000008 0.000008
148 327 4 0.000000 0.000000
38 501 2 0.000004 0.000054
38 498 2 0.000000 0.000000
148 321 4 0.000017 0.000017
38 499 2 0.000000 0.000000
38 496 2 0.000002 0.000002
148 323 4 0.000011 0.000019
38 497 2 0.000007 0.000007
38 506 2 0.000000 0.000000
38 507 2 0.000001 0.000001
38 504 2 0.000033 0.000070
38 505 2 0.000002 0.000002
38 455 74 0.000059 0.000059
38 452 2 0.000040 0.000088
38 453 2 0.000002 0.000002
38 450 2 0.000474 0.000485
38 448 2 0.000068 0.000151
38 449 2 0.000004 0.000004
38 463 2 0.000001 0.000001
38 461 31 0.000075 0.002739
38 458 31 0.000015 0.000015
38 459 31 0.000069 0.000212
38 456 72 0.000070 0.000070
38 457 72 0.000132 0.000132
38 470 2 0.000001 0.000001
38 471 2 0.000002 0.000002
38 468 2 0.000000 0.000000
38 466 2 0.000002 0.000002
38 467 2 0.000004 0.000591
38 465 2 0.000353 0.000404
38 479 2 0.000001 0.000001
38 476 2 0.000001 0.000001
38 474 2 0.000003 0.000003
38 475 2 0.000382 0.000427
38 472 2 0.000001 0.000001
38 473 2 0.000443 0.000494
28 284 2 0.000008 0.000008
28 285 2 0.000004 0.000004
28 283 2 0.000004 0.000004
28 276 3 0.000013 0.000013
28 277 2 0.000007 0.000007
28 278 2 0.000008 0.000008
151 412 2 0.000020 0.001220
51 289 8 0.000000 0.000000
28 265 1 0.000001 0.000001
28 267 1 0.000002 0.000002
28 263 1 0.000660 0.000670
28 258 1 0.000007 0.000007
51 278 8 0.000523 0.000615
28 308 1 0.000002 0.000002
28 309 1 0.000002 0.000002
114 347 2 0.000001 0.000001
28 310 1 0.000000 0.000000
28 311 1 0.000001 0.000018
151 444 2 0.000006 0.000010
51 280 8 0.000040 0.000076
104 324 8 0.000001 0.000001
51 286 8 0.000029 0.000029
28 307 1 0.000005 0.000013
151 440 2 0.000000 0.000000
114 349 2 0.000000 0.000000
28 300 1 0.000006 0.003222
151 422 4 0.000007 0.000007
28 302 1 0.000011 0.004876
28 303 1 0.000000 0.000000
151 419 2 0.000006 0.000006
28 296 2 0.000000 0.000000
28 297 2 0.000001 0.000001
151 417 2 0.000002 0.000002
151 416 2 0.000011 0.000011
28 299 1 0.000001 0.000001
28 292 2 0.000001 0.000001
114 331 2 0.000011 0.000012
28 293 2 0.000008 0.031598
28 294 2 0.000018 0.000540
28 295 2 0.000001 0.000001
151 427 2 0.000007 0.000007
151 425 2 0.000006 0.000006
36 364 2 0.000001 0.000001
36 365 2 0.000005 0.000655
151 473 2 0.000001 0.000001
36 362 2 0.000009 0.000009
36 363 2 0.000640 0.000640
87 262 2 0.000000 0.000000
87 259 2 0.000001 0.000001
87 258 2 0.000005 0.000005
87 256 2 0.000011 0.000011
151 458 2 0.000004 0.000004
36 324 2 0.000006 0.000006
104 270 8 0.000014 0.000014
36 335 2 0.000002 0.000002
36 337 2 0.000002 0.000002
36 348 2 0.000022 0.006477
104 274 8 0.000023 0.000023
36 350 2 0.000001 0.000001
36 344 2 0.000107 0.000107
104 277 8 0.000004 0.000004
36 345 2 0.016546 0.016546
36 346 2 0.000001 0.000001
83 723 2 0.000422 0.000855
83 722 4 0.000005 0.000005
83 721 2 0.000000 0.000000
83 720 2 0.000011 0.000011
34 678 2 0.001310 0.001777
83 726 2 0.000017 0.000103
34 679 2 0.000003 0.000003
34 676 2 0.000000 0.000000
83 724 2 0.000004 0.000004
83 731 2 0.000000 0.000000
34 682 2 0.000004 0.000004
83 730 2 0.000004 0.000079
34 683 2 0.000008 0.000082
83 729 2 0.000004 0.000018
34 680 2 0.000003 0.000003
83 728 2 0.000010 0.000016
34 681 2 0.000003 0.000003
34 685 2 0.000000 0.000000
34 691 2 0.000001 0.000001
34 688 2 0.000010 0.001115
34 689 2 0.000000 0.000000
150 515 2 0.000001 0.000001
150 513 2 0.000007 0.000007
34 654 2 0.000000 0.000000
34 655 2 0.000000 0.000000
34 657 2 0.000002 0.000002
34 660 2 0.000000 0.000000
83 740 2 0.000000 0.000000
55 747 38 0.000008 0.000008
55 745 38 0.000033 0.000033
38 550 2 0.000003 0.000003
38 551 2 0.000002 0.000002
38 558 2 0.000001 0.000012
38 556 2 0.000002 0.000002
38 557 2 0.000000 0.000000
38 554 2 0.000002 0.000002
38 555 2 0.000002 0.000002
38 553 2 0.000005 0.000005
38 524 72 0.000004 0.000004
38 523 31 0.000005 0.000005
38 529 2 0.000002 0.000002
38 541 2 0.000002 0.000002
34 630 2 0.000005 0.000212
34 629 2 0.000000 0.000000
34 635 2 0.000008 0.000019
34 633 2 0.000002 0.000002
34 637 2 0.000000 0.000000
34 583 2 0.000005 0.000005
34 580 2 0.000009 0.000024
34 581 2 0.000008 0.023826
34 587 2 0.000014 0.000120
34 584 2 0.000791 0.003239
34 594 2 0.000010 0.000068
145 736 10 0.000014 0.000014
145 738 10 0.000001 0.000001
34 593 4 0.000008 0.000008
34 602 2 0.000002 0.000002
34 601 2 0.000004 0.000004
34 606 2 0.000006 0.000014
34 607 2 0.000007 0.000240
34 604 4 0.000005 0.000005
34 605 2 0.000007 0.000044
31 927 2 0.000001 0.000001
31 926 2 0.000002 0.000002
31 925 2 0.000008 0.000400
31 924 2 0.000012 0.031180
32 955 2 0.000004 0.000004
32 956 2 0.000000 0.000000
32 957 2 0.000447 0.000447
32 959 2 0.000004 0.000004
33 905 2 0.000007 0.000007
33 907 2 0.000002 0.000002
33 908 2 0.000006 0.030618
33 917 2 0.000001 0.000001
32 961 2 0.000007 0.000007
32 962 2 0.000009 0.030695
32 963 2 0.000000 0.000000
90 947 16 0.000107 0.000107
90 945 16 0.000019 0.000019
90 948 16 0.000009 0.000009
90 949 16 0.000002 0.000002
90 938 16 0.000044 0.000105
32 976 2 0.000000 0.000000
90 942 12 0.000174 0.000756
90 943 12 0.000001 0.000001
90 940 28 0.000077 0.000150
90 941 12 0.000031 0.000250
54 875 38 0.000007 0.000007
54 872 38 0.000089 0.000211
54 873 38 0.000023 0.000023
98 1255 3 0.000016 0.000016
98 1252 2 0.000008 0.000046
98 1253 2 0.000000 0.000000
98 1256 3 0.000014 0.000036
98 1274 3 0.000001 0.000001
98 1275 3 0.000005 0.000009
98 1273 3 0.000003 0.000003
98 1218 2 0.000007 0.000059
98 1219 2 0.000000 0.000000
98 1222 4 0.000016 0.000094
98 1223 4 0.000007 0.000007
98 1221 7 0.000008 0.000008
98 1226 2 0.000002 0.000002
98 1227 2 0.000007 0.000018
98 1231 2 0.000008 0.000086
98 1229 2 0.000004 0.002065
98 1234 2 0.000002 0.000002
98 1232 2 0.000000 0.000000
98 1238 2 0.000005 0.000024
98 1239 2 0.000001 0.000001
98 1236 2 0.000006 0.003046
98 1242 3 0.000002 0.000002
98 1243 2 0.000001 0.000001
98 1240 4 0.000000 0.000000
98 1246 2 0.000004 0.000004
98 1244 2 0.000004 0.000132
98 1184 3 0.000017 0.000017
98 1192 3 0.000008 0.000008
98 1207 3 0.000004 0.000004
98 1204 3 0.000010 0.000018
98 1205 3 0.000008 0.000013
98 1211 2 0.000005 0.000468
98 1208 2 0.000002 0.000002
98 1209 2 0.000002 0.000002
98 1212 2 0.000006 0.000006
105 1165 6 0.000005 0.000005
105 1164 6 0.000030 0.000067
98 1182 3 0.000019 0.000040
105 1129 6 0.000002 0.000002
105 1130 2 0.000004 0.000031
105 1132 6 0.000008 0.000008
105 1135 6 0.000013 0.000013
105 1126 6 0.000015 0.000015
35 1093 2 0.000006 0.000006
35 1099 2 0.000001 0.000001
35 1100 2 0.000000 0.000000
97 1379 17 0.000027 0.000027
97 1387 17 0.000002 0.000002
127 -2 2 0.000002 0.000002
115 -2 2 0.000006 0.000006
111 -2 6 0.000005 0.000005
59 -2 2 0.000036 0.000041
37 -2 2 0.000024 0.000058
33 -2 2 0.000026 0.000048
28 -2 1 0.000023 0.000030
2 -2 1 0.000007 0.000014
1 -2 1 0.000397 0.000722
167 -2 2 0.000160 0.000191
164 -2 20 0.000003 0.000003
163 -2 1 0.000030 0.000126
153 -2 2 0.000010 0.000038
151 -2 4 0.000002 0.000002
130 -2 2 0.000008 0.000008
.
.
108 "propSet_TestResult" 4
26
27
29
30
.
108 "propSet_Error" 13
38
40
41
42
44
45
49
51
54
56
59
60
61
.
108 "propSet_Stop" 10
67
69
70
71
74
75
76
81
82
83
.
108 "TestTestResult" 2
92
93
.
108 "TestTestResult" 4
99
101
102
103
.
6 "ABLRunner" 8
84
85
86
87
88
89
90
91
.
6 "updateStackTraceProperty" 3
94
95
96
.
6 "ABLRunner" 7
103
105
106
107
109
110
111
.
6 "GetFullPathname" 6
120
121
123
125
127
128
.
6 "RecurseDir" 16
140
141
142
144
146
149
150
152
153
159
160
161
163
166
167
168
.
6 "GetXRefFile" 33
192
194
195
208
209
210
211
212
213
214
215
216
217
219
220
221
222
223
224
225
226
227
228
231
233
234
235
237
239
240
241
243
244
.
6 "RunTests" 39
258
263
265
267
268
270
273
274
276
277
278
279
280
281
282
283
284
285
286
288
289
290
291
292
293
294
295
296
297
299
300
302
303
305
307
308
309
310
311
.
6 "BuildTypeInfo" 21
324
325
331
332
333
335
337
338
344
345
346
348
350
354
355
358
359
362
363
364
365
.
6 "GetClassFile" 2
371
372
.
6 "ParseXMLDocument" 19
384
385
386
387
388
390
392
393
394
395
396
397
398
400
401
402
403
404
405
.
6 "GetRefTypeAttribute" 2
411
412
.
6 "GetObjectIdAttribute" 2
419
420
.
6 "ParseSourceElement" 92
444
445
446
448
449
450
452
453
455
456
457
458
459
461
463
465
466
467
468
470
471
472
473
474
475
476
477
479
480
481
482
483
484
486
487
488
490
491
492
493
494
495
496
497
498
499
500
501
502
503
504
505
506
507
509
510
511
513
514
515
516
517
518
519
520
521
522
523
524
529
530
532
533
534
535
537
541
542
544
545
546
547
548
550
551
552
553
554
555
556
557
558
.
6 "populateTestModelForTestClass" 70
580
581
583
584
587
593
594
601
602
604
605
606
607
609
610
615
616
617
618
619
622
623
624
625
626
629
630
633
635
636
637
640
641
642
643
644
648
649
650
651
652
653
654
655
657
658
660
661
662
665
666
667
668
669
671
672
674
675
676
678
679
680
681
682
683
685
686
688
689
691
.
6 "UpdateIgnoreDetails" 5
698
699
701
703
704
.
6 "populateTestModelForTestMethod" 18
720
721
722
723
724
726
728
729
730
731
733
734
735
736
737
738
739
740
.
6 "populateTestModelForInternalProcs" 18
753
754
755
756
757
759
761
762
763
764
766
767
768
769
770
771
772
773
.
6 "populateTestModelForProcedureType" 70
796
797
799
804
805
810
811
812
813
814
815
817
823
824
825
826
827
830
831
832
833
834
837
838
841
843
844
845
848
849
850
851
852
855
856
857
858
859
861
862
863
864
866
867
869
870
871
872
874
875
876
877
879
880
882
883
885
886
887
888
889
890
891
892
893
894
895
897
898
899
.
6 "populateTestModelForTestCase" 11
905
906
907
908
909
911
912
913
915
916
917
.
6 "populateTestModel" 4
924
925
926
927
.
6 "loadSerializedTree" 10
938
940
941
942
943
945
946
947
948
949
.
6 "populateTestModel" 18
955
956
957
959
960
961
962
963
965
968
969
970
971
972
973
974
975
976
.
6 "populateTestModelForTestFolder" 12
987
988
989
991
993
995
996
997
999
1000
1001
1002
.
6 "populateTestModelForTestSuite" 46
1021
1022
1023
1024
1025
1026
1027
1029
1030
1031
1032
1033
1034
1035
1036
1037
1039
1040
1041
1042
1043
1044
1045
1046
1047
1048
1049
1050
1051
1052
1053
1054
1055
1056
1058
1059
1060
1061
1062
1063
1064
1065
1066
1068
1070
1071
.
6 "HandleTestSuiteClasses" 11
1077
1078
1079
1080
1081
1082
1083
1084
1085
1086
1087
.
6 "getRelativePathOfClasses" 7
1093
1094
1095
1096
1097
1099
1100
.
6 "HandleTestSuiteProcedures" 8
1106
1107
1108
1109
1110
1111
1112
1113
.
6 "ProcessTestResult" 24
1126
1127
1129
1130
1132
1133
1135
1138
1139
1142
1143
1146
1147
1149
1151
1152
1154
1155
1157
1158
1160
1161
1164
1165
.
6 "runtests" 55
1182
1184
1192
1195
1196
1197
1198
1200
1201
1204
1205
1207
1208
1209
1211
1212
1215
1218
1219
1221
1222
1223
1226
1227
1229
1231
1232
1234
1236
1238
1239
1240
1242
1243
1244
1246
1249
1252
1253
1255
1256
1258
1259
1261
1262
1263
1264
1265
1268
1269
1270
1272
1273
1274
1275
.
6 "updateStackTrace" 29
1283
1284
1290
1292
1293
1294
1295
1296
1298
1300
1301
1302
1303
1305
1306
1307
1308
1309
1310
1312
1313
1314
1315
1316
1318
1319
1320
1321
1322
.
6 "updateStackTrace" 30
1336
1337
1339
1341
1342
1343
1344
1345
1347
1349
1350
1352
1353
1354
1356
1357
1358
1360
1361
1362
1363
1365
1366
1367
1368
1369
1370
1371
1372
1373
.
6 "updateFile" 8
1379
1380
1381
1382
1383
1385
1386
1387
.
78 "TestClass" 2
28
29
.
78 "DestroyEntity" 4
33
36
38
39
.
78 "InstantiateEntity" 5
45
48
50
51
52
.
78 "InvokeTestMethod" 6
58
60
62
63
65
66
.
3 "TestConfig" 6
104
105
106
107
108
109
.
3 "GetResultsFile" 5
117
118
120
121
122
.
3 "Initialize" 44
134
135
136
139
140
141
142
143
144
145
147
148
149
150
152
153
154
156
157
159
160
162
163
165
166
169
170
171
172
173
175
180
181
182
183
184
185
186
187
188
190
191
193
194
.
119 "StaticLoad" 1
8
.
119 "LoadEntity" 3
11
12
13
.
119 "EnsureInitialized" 6
16
17
18
19
20
21
.
138 "Collection" 2
33
34
.
138 "Collection" 2
37
38
.
138 "Contains" 8
44
45
48
49
50
51
53
54
.
138 "FindBufferUseObject" 2
57
58
.
138 "FindBufferUseObject" 13
64
65
67
68
69
70
72
74
75
76
78
79
80
.
138 "Equals" 15
91
92
94
95
96
97
98
100
101
102
103
104
105
107
108
.
77 "TestCase" 2
42
43
.
77 "RunChild" 55
57
59
61
62
64
68
69
70
73
74
75
77
80
82
87
88
90
91
92
95
98
99
100
102
103
104
107
109
112
113
115
119
120
121
123
124
126
129
130
132
133
134
136
137
138
141
143
147
149
152
153
156
159
161
162
.
77 "StartEntity" 19
171
173
174
175
177
179
181
182
186
187
188
189
192
193
196
197
201
202
203
.
77 "StopEntity" 20
209
210
212
213
214
217
219
220
222
223
227
228
229
232
233
237
238
240
241
242
.
77 "RunLifecycleMethods" 34
270
272
274
277
279
281
283
284
286
287
290
292
295
296
298
299
300
302
305
306
308
309
310
311
312
315
316
318
319
320
321
322
323
324
.
77 "GetExpectedErrorType" 7
331
333
341
344
347
348
349
.
24 "getTestCount" 4
35
36
38
39
.
24 "IncrementSuccess" 3
42
43
44
.
24 "IncrementFailure" 3
47
48
49
.
24 "IncrementError" 3
52
53
54
.
24 "IncrementIgnore" 3
57
58
59
.
24 "GetSuccessCount" 2
64
65
.
24 "GetFailureCount" 2
68
69
.
24 "GetErrorCount" 2
72
73
.
24 "GetIgnoreCount" 2
76
77
.
24 "Add" 3
83
84
91
.
24 "Add" 8
97
98
99
100
101
102
103
104
.
29 "ResultsXmlWriter" 3
36
37
38
.
29 "WriteToLongchar" 8
49
51
53
55
56
58
59
60
.
29 "WriteToFile" 6
71
73
74
76
77
78
.
29 "WriteXml" 19
94
95
97
102
103
105
106
107
108
110
111
112
113
114
116
117
118
120
121
.
29 "CreatePropertiesElement" 35
133
135
138
139
140
141
142
144
146
148
149
150
151
153
154
155
156
158
159
160
161
163
164
165
166
168
169
170
171
173
174
175
176
178
179
.
29 "CreateXmlNode" 5
188
189
190
192
193
.
29 "CreateXmlDoc" 5
202
203
204
206
207
.
29 "AddChildEntities" 61
226
230
231
232
234
235
238
239
241
242
243
244
247
248
250
251
254
255
256
258
259
260
264
265
267
268
269
270
272
275
278
279
283
285
288
291
294
295
296
297
298
299
301
302
303
305
306
308
309
311
312
313
315
318
319
321
323
324
325
326
327
.
29 "CreateSkippedElement" 6
340
341
343
344
346
347
.
29 "CreateTraceElement" 25
364
367
368
370
371
373
374
375
376
377
378
379
380
381
383
384
385
386
387
388
389
390
391
393
394
.
29 "AddTestcase" 33
412
416
417
419
422
425
427
429
432
435
436
437
438
439
440
444
446
449
452
453
454
455
458
461
462
463
464
468
469
470
471
472
473
.
10 "TestRootModel" 2
19
20
.
60 "TestAnnotationInfo" 2
47
53
.
9 "TestEntity" 5
41
42
47
48
49
.
9 "getTestEntities" 2
52
53
.
9 "getChildrenSize" 2
56
57
.
9 "addTestEntity" 4
60
61
62
63
.
9 "AddTestResult" 3
75
77
78
.
9 "GetTestResults" 2
84
85
.
52 "Equals" 2
28
29
.
52 "Equals" 6
33
34
35
36
37
38
.
52 "Equals" 6
42
43
44
45
46
47
.
52 "Equals" 6
51
52
53
54
55
56
.
52 "Equals" 6
60
61
62
63
64
65
.
52 "Equals" 6
69
70
71
72
73
74
.
52 "Equals" 6
78
79
80
81
82
83
.
52 "Equals" 6
87
88
89
90
91
92
.
52 "Equals" 6
96
97
98
99
100
101
.
52 "Equals" 3
104
105
108
.
52 "Equals" 3
111
112
115
.
52 "Equals" 3
118
119
122
.
52 "Equals" 3
125
126
129
.
52 "NotEqual" 3
132
133
134
.
52 "NotEqual" 3
137
138
139
.
52 "NotEqual" 3
142
143
144
.
52 "NotEqual" 3
147
148
149
.
52 "NotEqual" 3
152
153
154
.
52 "NotEqual" 3
157
158
159
.
52 "NotEqual" 2
162
163
.
52 "NotEqual" 3
166
167
168
.
52 "NotEqual" 3
171
172
173
.
52 "IsTrue" 3
176
177
178
.
52 "IsFalse" 3
181
182
183
.
52 "NotNull" 2
186
187
.
52 "NotNull" 2
190
191
.
52 "IsNull" 2
194
195
.
52 "IsNull" 2
198
199
.
52 "NotNull" 2
202
203
.
52 "NotNull" 2
206
207
.
52 "IsNull" 2
210
211
.
52 "IsNull" 2
214
215
.
52 "NotNull" 3
218
219
220
.
52 "NotNull" 2
223
224
.
52 "NotNull" 3
227
228
229
.
52 "NotNull" 2
232
233
.
52 "IsNull" 3
236
237
238
.
52 "IsNull" 2
241
242
.
52 "IsNull" 3
245
246
247
.
52 "IsNull" 2
250
251
.
52 "IsNull" 3
254
255
256
.
52 "IsNull" 2
259
260
.
52 "NotNull" 3
263
264
265
.
52 "NotNull" 2
268
269
.
52 "NotNullOrEmpty" 2
272
273
.
52 "NotNullOrEmpty" 2
276
277
.
52 "IsEmpty" 4
280
282
283
284
.
52 "IsEmpty" 2
287
288
.
52 "NotEmpty" 4
291
293
294
295
.
52 "IsEmpty" 2
301
302
.
52 "IsEmpty" 5
312
314
317
323
324
.
52 "NotEmpty" 2
327
328
.
52 "NotNullOrEmpty" 2
331
332
.
52 "NotNullOrEmpty" 2
335
336
.
52 "NotNullOrEmpty" 2
339
340
.
52 "NotNullOrEmpty" 2
343
344
.
52 "NotNullOrEmpty" 5
347
349
353
354
355
.
52 "NotNullOrEmpty" 2
358
359
.
52 "NotNullOrEmpty" 3
364
365
366
.
52 "NotNullOrEmpty" 2
369
370
.
52 "NotNull" 5
375
376
378
379
380
.
52 "NotNull" 2
383
384
.
52 "NotEmpty" 4
390
393
399
400
.
52 "NotEmpty" 2
403
404
.
52 "NotNullOrEmpty" 3
407
408
409
.
52 "NotNullOrEmpty" 2
412
413
.
52 "NonZero" 3
416
417
418
.
52 "NonZero" 2
421
422
.
52 "NonZero" 3
425
426
427
.
52 "NonZero" 2
430
431
.
52 "NonZero" 6
437
438
439
440
441
442
.
52 "NonZero" 2
445
446
.
52 "NonZero" 6
452
453
454
455
456
457
.
52 "NonZero" 2
460
461
.
52 "NonZero" 3
464
465
466
.
52 "NonZero" 2
469
470
.
52 "IsInterface" 2
473
474
.
52 "NotInterface" 2
477
478
.
52 "IsAbstract" 2
481
482
.
52 "NotAbstract" 2
485
486
.
52 "IsFinal" 2
489
490
.
52 "NotFinal" 2
493
494
.
52 "IsType" 2
497
498
.
52 "IsType" 2
501
502
.
52 "NotType" 2
505
506
.
52 "NotNull" 3
513
514
515
.
52 "NotNull" 2
518
519
.
52 "IsType" 2
529
530
.
52 "IsType" 2
534
535
.
52 "NotType" 2
545
546
.
52 "NotType" 2
550
551
.
52 "IsNull" 3
554
555
556
.
52 "IsNull" 2
559
560
.
52 "HasDeterminateExtent" 2
564
565
.
52 "HasDeterminateExtent" 2
568
569
.
52 "IsIndeterminateArray" 2
573
574
.
52 "IsIndeterminateArray" 2
577
578
.
52 "IsIndeterminateArray" 2
582
583
.
52 "HasDeterminateExtent" 2
587
588
.
52 "HasDeterminateExtent" 2
592
593
.
52 "HasDeterminateExtent" 2
596
597
.
52 "IsIndeterminateArray" 2
601
602
.
52 "IsIndeterminateArray" 2
605
606
.
52 "HasDeterminateExtent" 2
610
611
.
52 "HasDeterminateExtent" 2
614
615
.
52 "IsIndeterminateArray" 2
619
620
.
52 "IsIndeterminateArray" 2
623
624
.
52 "IsAvailable" 4
628
630
631
632
.
52 "IsAvailable" 2
635
636
.
52 "NotAvailable" 4
640
642
643
644
.
52 "NotAvailable" 2
647
648
.
52 "IsInteger" 4
654
655
656
657
.
52 "IsInteger" 2
660
661
.
52 "IsDecimal" 4
667
668
669
670
.
52 "IsDecimal" 2
673
674
.
52 "IsInt64" 4
680
681
682
683
.
52 "IsInt64" 2
686
687
.
52 "IsTrue" 3
692
693
694
.
52 "IsFalse" 3
699
700
701
.
52 "IsUnknown" 3
706
707
708
.
52 "IsUnknown" 2
711
712
.
52 "NotTrue" 3
716
717
718
.
52 "NotTrue" 2
721
722
.
52 "NotFalse" 3
726
727
728
.
52 "NotFalse" 2
731
732
.
52 "NotUnknown" 3
736
737
738
.
52 "NotUnknown" 2
741
742
.
52 "NotNull" 3
745
746
747
.
52 "NotNull" 2
750
751
.
52 "NotNull" 3
754
755
756
.
52 "NotNull" 2
759
760
.
52 "NotNull" 3
763
764
765
.
52 "NotNull" 2
768
769
.
52 "NotNull" 3
772
773
774
.
52 "NotNull" 2
777
778
.
52 "IsNull" 3
781
782
783
.
52 "IsNull" 2
786
787
.
52 "NotNull" 3
790
791
792
.
52 "NotNull" 2
795
796
.
52 "IsNull" 3
799
800
801
.
52 "IsNull" 2
804
805
.
52 "NotZero" 3
808
809
810
.
52 "NotZero" 2
813
814
.
52 "NotNull" 3
817
818
819
.
52 "NotNull" 2
822
823
.
52 "IsNull" 3
826
827
828
.
52 "IsNull" 2
831
832
.
52 "NotNullOrZero" 3
835
836
837
.
52 "NotNullOrZero" 2
840
841
.
52 "NotZero" 3
844
845
846
.
52 "NotZero" 2
849
850
.
52 "IsZero" 3
853
854
855
.
52 "IsZero" 2
858
859
.
52 "IsNegative" 4
862
863
864
865
.
52 "IsNegative" 2
868
869
.
52 "IsPositive" 4
872
873
874
875
.
52 "IsPositive" 2
878
879
.
52 "IsZeroOrNegative" 4
882
883
884
885
.
52 "IsZeroOrNegative" 2
888
889
.
52 "IsZeroOrPositive" 4
892
893
894
895
.
52 "IsZeroOrPositive" 2
898
899
.
52 "NotZero" 3
902
903
904
.
52 "NotZero" 2
907
908
.
52 "IsZero" 4
911
912
913
914
.
52 "IsZero" 2
917
918
.
52 "IsNegative" 4
921
922
923
924
.
52 "IsNegative" 2
927
928
.
52 "IsPositive" 4
931
932
933
934
.
52 "IsPositive" 2
937
938
.
52 "IsZeroOrNegative" 4
941
942
943
944
.
52 "IsZeroOrNegative" 2
947
948
.
52 "IsZeroOrPositive" 4
951
952
953
954
.
52 "IsZeroOrPositive" 2
957
958
.
52 "IsZero" 3
961
962
963
.
52 "IsZero" 2
966
967
.
52 "IsNegative" 4
970
971
972
973
.
52 "IsNegative" 2
976
977
.
52 "IsPositive" 4
980
981
982
983
.
52 "IsPositive" 2
986
987
.
52 "IsZeroOrNegative" 4
990
991
992
993
.
52 "IsZeroOrNegative" 2
996
997
.
52 "IsZeroOrPositive" 4
1000
1001
1002
1003
.
52 "IsZeroOrPositive" 2
1006
1007
.
52 "IsLogical" 5
1020
1022
1023
1024
1029
.
52 "IsLogical" 2
1037
1038
.
52 "IsLogical" 4
1050
1051
1052
1056
.
52 "RaiseError" 3
1063
1064
1065
.
52 "IsIn" 2
1075
1076
.
52 "IsIn" 5
1090
1092
1093
1096
1102
.
52 "NotIn" 2
1112
1113
.
52 "NotIn" 6
1126
1129
1131
1134
1135
1141
.
42 "ClassInfo" 3
22
23
24
.
42 "getClassName" 2
27
28
.
42 "getAnnotations" 2
32
33
.
64 "TestInfoList" 2
80
81
.
64 "TestInfoList" 2
84
85
.
64 "Add" 2
90
91
.
64 "Add" 2
96
97
.
64 "AddAll" 2
104
105
.
64 "AddAll" 2
110
111
.
64 "ContainsAll" 2
116
117
.
64 "RemoveAll" 2
122
123
.
64 "RetainAll" 2
128
129
.
64 "AddArray" 2
135
136
.
64 "AddArray" 2
139
140
.
64 "Contains" 2
144
145
.
64 "GetTestInfo" 2
150
151
.
64 "IndexOf" 2
156
157
.
64 "LastIndexOf" 2
162
163
.
64 "RemoveTestInfo" 2
168
169
.
64 "Remove" 2
174
175
.
64 "Set" 2
181
182
.
64 "SubListTestInfo" 2
187
188
.
64 "ToTestInfoArray" 2
192
193
.
117 "test1" 2
6
7
.
117 "test2" 2
10
11
.
117 "test3" 2
15
16
.
117 "" 1
2
.
1 "getParameter" 3
8
9
10
.
1 "returnValue" 3
60
61
62
.
1 "writeOutputParam" 5
66
67
68
69
70
.
1 "" 43
12
13
14
15
16
17
18
19
20
21
22
23
25
26
28
29
30
31
32
33
34
35
37
38
39
40
41
42
43
44
45
46
47
48
49
50
51
52
53
54
55
56
57
.
13 "propGet_Size" 2
61
62
.
13 "propSet_Size" 2
64
65
.
13 "propGet_Length" 2
70
71
.
13 "propSet_Length" 2
73
74
.
13 "Array" 2
78
79
.
13 "Array" 4
90
93
97
100
.
13 "Array" 6
109
111
112
113
114
115
.
13 "Array" 3
119
121
122
.
13 "Array" 2
126
127
.
13 "UpdateLength" 21
142
145
147
148
150
153
155
158
161
162
163
164
165
168
169
170
171
172
174
187
188
.
13 "SetValue" 2
194
195
.
13 "GetValue" 5
202
204
205
208
209
.
13 "InsertElement" 8
219
222
224
225
227
228
230
233
.
13 "InsertElements" 15
245
246
247
249
252
255
257
258
260
261
264
267
268
269
270
.
13 "SetValue" 5
278
280
284
286
289
.
13 "Add" 3
297
298
299
.
13 "AddAll" 2
306
307
.
13 "AddArray" 2
315
316
.
13 "Clear" 2
321
324
.
13 "Contains" 7
334
335
336
339
340
342
343
.
13 "ContainsAll" 12
353
356
357
361
362
364
365
366
367
368
370
371
.
13 "Iterator" 2
377
378
.
13 "IsEmpty" 2
385
386
.
13 "Remove" 9
399
402
403
406
407
409
410
412
413
.
13 "RemoveAll" 10
424
425
426
427
428
429
430
431
433
434
.
13 "RetainAll" 11
448
450
453
454
455
456
457
461
463
467
468
.
13 "ToTable" 8
477
478
479
480
481
483
485
486
.
13 "ToArray" 5
495
496
507
511
512
.
13 "Clone" 4
521
522
524
525
.
13 "CloneElements" 7
533
535
536
538
540
541
542
.
13 "Add" 6
551
552
553
555
557
558
.
13 "AddAll" 4
567
568
570
571
.
13 "AddArray" 5
580
581
583
585
586
.
13 "Get" 2
593
594
.
13 "IndexOf" 6
603
604
607
608
610
611
.
13 "ListIterator" 2
617
618
.
13 "ListIterator" 5
627
629
632
634
635
.
13 "LastIndexOf" 6
644
645
648
649
651
652
.
13 "Remove" 10
663
664
665
667
670
671
672
673
676
677
.
13 "Set" 7
688
689
690
692
693
695
696
.
13 "SubList" 14
713
714
716
717
718
719
720
721
723
724
725
726
728
729
.
13 "Equals" 16
742
743
745
746
747
748
749
751
752
753
756
757
758
759
761
762
.
17 "AbstractTTCollection" 1
46
.
17 "AbstractTTCollection" 4
50
51
52
53
.
17 "AbstractTTCollection" 2
57
58
.
17 "AbstractTTCollection" 3
62
63
67
.
17 "AbstractTTCollection" 3
70
71
72
.
17 "Add" 9
75
76
77
78
81
82
83
84
85
.
17 "AddArray" 6
91
92
93
94
96
97
.
17 "AddAll" 13
101
102
103
104
105
106
107
108
109
110
111
112
113
.
17 "Clear" 3
116
117
118
.
17 "Contains" 3
121
122
123
.
17 "ContainsAll" 12
128
131
132
136
137
140
141
142
143
144
146
147
.
17 "Iterator" 2
151
152
.
17 "IsEmpty" 2
155
156
.
17 "ToTable" 2
159
160
.
17 "Remove" 9
163
164
165
166
167
168
169
170
171
.
17 "RemoveAll" 9
177
178
179
180
181
182
183
184
185
.
17 "RetainAll" 12
191
192
193
194
195
196
197
198
199
200
201
202
.
17 "ToArray" 8
212
213
215
218
219
221
223
224
.
17 "Clone" 4
234
235
237
238
.
17 "CloneElements" 5
243
244
245
246
247
.
17 "Resize" 12
254
255
256
257
258
259
261
262
264
265
267
268
.
49 "AnnotationInfo" 2
27
32
.
49 "getAnnotationName" 2
36
37
.
49 "getAttributeName" 2
40
41
.
49 "getAttributeValue" 2
44
45
.
143 "WidgetHandle" 2
32
33
.
143 "WidgetHandle" 3
36
38
39
.
143 "WidgetHandle" 2
42
43
.
143 "WidgetHandle" 4
47
49
50
52
.
143 "Equals" 4
55
56
58
59
.
143 "ToString" 3
63
65
66
.
45 "AnnotationUtil" 2
25
27
.
45 "HasIgnoreAnnotation" 7
39
40
41
42
43
45
47
.
45 "GetExpectedExceptionName" 7
60
61
62
63
64
66
68
.
45 "HasAnnotation" 7
81
82
83
84
85
87
89
.
2 "CreateJsonFromParam" 45
142
143
145
146
147
148
149
151
153
154
155
156
157
158
159
160
162
163
167
168
170
171
172
174
175
177
179
180
181
182
183
185
186
187
188
189
190
191
192
193
194
195
196
198
199
.
2 "" 40
58
59
60
61
67
68
69
70
71
73
75
76
77
80
82
83
84
85
86
87
89
91
92
93
94
95
96
97
98
99
100
101
103
104
105
106
107
108
110
111
.
156 "Iterator" 2
31
32
.
156 "Iterator" 2
35
36
.
156 "Iterator" 9
39
40
42
43
45
46
47
53
54
.
156 "PrepareQuery" 3
57
64
65
.
156 "HasNext" 12
70
71
72
73
74
75
76
77
79
81
83
84
.
156 "Next" 8
89
90
91
92
93
94
96
98
.
156 "Remove" 8
103
104
105
106
107
108
109
110
.
156 "Iterator" 5
113
114
115
116
117
.
57 "TestInfo" 4
29
30
31
32
.
57 "getTestName" 2
40
41
.
19 "TestResultList" 2
80
81
.
19 "TestResultList" 2
84
85
.
19 "Add" 2
90
91
.
19 "Add" 2
96
97
.
19 "AddArray" 2
135
136
.
19 "AddArray" 2
139
140
.
19 "Contains" 2
144
145
.
19 "GetTestTestResult" 2
150
151
.
19 "IndexOf" 2
156
157
.
19 "LastIndexOf" 2
162
163
.
19 "RemoveTestTestResult" 2
168
169
.
19 "Remove" 2
174
175
.
19 "Set" 2
181
182
.
19 "SubListTestTestResult" 2
187
188
.
19 "ToTestTestResultArray" 2
192
193
.
18 "List" 2
40
41
.
18 "List" 2
44
45
.
18 "List" 2
48
49
.
18 "List" 2
52
53
.
18 "List" 2
56
57
.
18 "FindBufferUseObject" 2
66
67
.
18 "FindBufferUseObject" 12
82
83
85
90
91
93
96
97
98
100
101
102
.
18 "Add" 14
107
108
109
111
112
113
116
117
121
122
124
125
126
127
.
18 "Add" 8
130
131
134
135
136
137
139
140
.
18 "AddAll" 2
150
151
.
18 "AddAll" 16
163
164
166
167
170
172
173
174
176
177
178
181
182
185
186
187
.
18 "AddArray" 13
194
195
197
198
199
200
202
203
207
208
210
212
213
.
18 "Equals" 15
225
226
228
229
230
231
232
234
235
236
237
238
239
241
242
.
18 "Get" 9
251
252
253
255
256
258
259
261
262
.
18 "IndexOf" 10
267
269
273
274
276
279
280
281
283
284
.
18 "Iterator" 2
288
289
.
18 "ListIterator" 2
293
294
.
18 "ListIterator" 3
298
300
301
.
18 "LastIndexOf" 10
306
308
311
312
314
317
318
319
321
322
.
18 "Remove" 14
328
329
330
331
332
333
335
336
337
339
340
341
342
343
.
18 "Remove" 16
353
354
355
357
358
360
361
362
363
366
367
368
371
372
374
375
.
18 "Set" 9
381
382
383
385
386
388
389
392
393
.
18 "SubList" 14
409
410
412
413
414
415
416
417
419
420
425
426
428
429
.
132 "test2" 4
10
11
12
13
.
102 "test1" 6
10
11
12
14
15
16
.
61 "ClassAnnotationInfo" 2
22
23
.
61 "setBeforeClass" 3
26
27
28
.
61 "setAfterClass" 3
31
32
33
.
61 "setBeforeMethod" 3
36
37
38
.
61 "setAfterMethod" 3
41
42
43
.
61 "AddTestMethod" 3
46
47
48
.
84 "TestMethod" 2
23
24
.
84 "setTestInfo" 2
27
28
.
84 "getTestInfo" 2
31
32
.
.
0 0 0 0 1 0.084769 1
1 0 1 0 1 0.084769 2 342 343 348 349
2 1 2 45 1 0.054154 3 4 6 7 28 341
3 2 3 75 1 0.000019
4 2 4 75 1 0.000128 5
5 4 5 108 1 0.000106
6 2 6 76 1 0.000039
7 2 7 76 1 0.010145 8 27
8 7 8 103 1 0.010103 9 10 11 26
9 8 9 85 1 0.000016
10 8 10 85 1 0.000004
11 8 11 85 1 0.009285 12
12 11 12 19 1 0.009264 13 14 15 17 18 19 20 24 25
13 12 13 42 2 0.000108
14 12 14 42 1 0.000011
15 12 15 42 1 0.000034 16
16 15 16 119 1 0.000020
17 12 17 42 1 0.000011
18 12 18 42 1 0.000051
19 12 19 42 1 0.000004
20 12 20 42 1 0.000073 21
21 20 21 80 1 0.000065 22
22 21 22 40 1 0.000029 23
23 22 23 57 1 0.000009
24 12 24 48 1 0.000006
25 12 25 48 1 0.000000
26 8 26 88 1 0.000008
27 7 27 109 1 0.000019
28 2 28 77 1 0.041024 29 30 31 173 190 191 274 339 340
29 28 29 263 1 0.000010
30 28 30 263 1 0.000000
31 28 31 293 2 0.031590 32 156
32 31 32 924 2 0.031168 33
33 32 33 962 2 0.030686 34 155
34 33 34 908 2 0.030612 35 36 78 79 80 89 91 95 99 100 104 105 106 107 108 123 128
35 34 35 580 2 0.000015
36 34 36 581 2 0.023818 37
37 36 37 348 2 0.006455 38 77
38 37 38 396 2 0.004057 39 40 42 43 44 45 47 48 49 50 51 52 53 55 56 58 59 60 61 67 68 69 70 74 75
39 38 13 448 2 0.000029
40 38 15 448 2 0.000054 41
41 40 16 119 2 0.000035
42 38 39 450 2 0.000011
43 38 40 450 2 0.000000
44 38 13 452 2 0.000011
45 38 15 452 2 0.000037 46
46 45 16 119 2 0.000023
47 38 41 459 31 0.000143
48 38 42 473 2 0.000010
49 38 43 473 2 0.000021
50 38 44 473 2 0.000020
51 38 45 475 1 0.000006
52 38 46 475 1 0.000007
53 38 47 475 2 0.000032 54
54 53 48 81 2 0.000011
55 38 13 481 2 0.000013
56 38 15 481 2 0.000029 57
57 56 16 119 2 0.000018
58 38 49 465 2 0.000010
59 38 43 465 2 0.000013
60 38 50 465 2 0.000028
61 38 51 467 2 0.000587 62 63 64 66
62 61 52 278 1 0.000012
63 61 53 278 1 0.000005
64 61 54 278 2 0.000027 65
65 64 55 872 2 0.000010
66 61 56 280 4 0.000011
67 38 57 490 2 0.000009
68 38 43 490 2 0.000012
69 38 58 490 2 0.000016
70 38 51 501 2 0.000050 71 73
71 70 54 278 2 0.000015 72
72 71 55 872 2 0.000006
73 70 56 280 4 0.000007
74 38 13 504 2 0.000010
75 38 15 504 2 0.000027 76
76 75 16 119 2 0.000016
77 37 59 -2 2 0.000034
78 34 60 584 2 0.000012
79 34 61 584 2 0.000007
80 34 62 584 2 0.002429 81
81 80 63 22 2 0.002414 82 83 84 85
82 81 17 47 10 0.000062
83 81 18 47 10 0.000438
84 81 64 47 10 0.000084
85 81 65 47 10 0.000361 86
86 85 66 80 10 0.000313 87
87 86 67 40 10 0.000150 88
88 87 68 57 10 0.000057
89 34 69 587 2 0.000106 90
90 89 48 39 2 0.000007
91 34 70 594 2 0.000058 92 94
92 91 54 202 2 0.000022 93
93 92 55 872 2 0.000009
94 91 48 204 2 0.000005
95 34 70 605 2 0.000037 96 98
96 95 54 202 2 0.000018 97
97 96 55 872 2 0.000007
98 95 48 204 2 0.000004
99 34 71 606 2 0.000008
100 34 72 630 2 0.000207 101
101 100 73 47 2 0.000185 102
102 101 74 96 2 0.000168 103
103 102 75 130 2 0.000100
104 34 76 635 2 0.000011
105 34 9 678 2 0.000012
106 34 77 678 2 0.000006
107 34 78 678 2 0.000009
108 34 79 678 2 0.000440 109
109 108 80 28 2 0.000425 110
110 109 81 42 2 0.000409 111 112 114 115 116 117 121 122
111 110 13 42 2 0.000018
112 110 15 42 2 0.000037 113
113 112 16 119 2 0.000024
114 110 17 42 2 0.000008
115 110 18 42 2 0.000090
116 110 19 42 2 0.000008
117 110 20 42 2 0.000060 118
118 117 21 80 2 0.000054 119
119 118 22 40 2 0.000034 120
120 119 23 57 2 0.000017
121 110 24 48 2 0.000009
122 110 25 48 2 0.000000
123 34 82 683 2 0.000074 124
124 123 51 61 2 0.000054 125 127
125 124 54 278 2 0.000016 126
126 125 55 872 2 0.000006
127 124 56 280 4 0.000009
128 34 83 688 2 0.001105 129 130 131 145 148 149 150
129 128 9 723 2 0.000009
130 128 84 723 2 0.000007
131 128 85 723 2 0.000417 132
132 131 86 23 2 0.000405 133 134 136 137 138 139 143 144
133 132 13 42 2 0.000011
134 132 15 42 2 0.000032 135
135 134 16 119 2 0.000021
136 132 17 42 2 0.000008
137 132 18 42 2 0.000093
138 132 19 42 2 0.000006
139 132 20 42 2 0.000095 140
140 139 21 80 2 0.000087 141
141 140 22 40 2 0.000027 142
142 141 23 57 2 0.000012
143 132 24 48 2 0.000006
144 132 25 48 2 0.000000
145 128 87 726 2 0.000086 146
146 145 54 251 2 0.000018 147
147 146 55 872 2 0.000006
148 128 76 728 2 0.000006
149 128 88 729 2 0.000014
150 128 89 730 2 0.000075 151
151 150 51 61 2 0.000052 152 154
152 151 54 278 2 0.000017 153
153 152 55 872 2 0.000006
154 151 56 280 4 0.000009
155 33 59 -2 2 0.000022
156 31 90 925 2 0.000392 157 158 159 163
157 156 91 938 2 0.000024
158 156 92 940 5 0.000014
159 156 70 941 3 0.000056 160 162
160 159 54 202 3 0.000025 161
161 160 55 872 3 0.000009
162 159 48 204 3 0.000006
163 156 90 942 3 0.000232 164 165 166 170
164 163 93 938 3 0.000011
165 163 94 940 6 0.000016
166 163 70 941 3 0.000052 167 169
167 166 54 202 3 0.000023 168
168 167 55 872 3 0.000009
169 166 48 204 3 0.000006
170 163 90 942 3 0.000078 171 172
171 170 95 938 3 0.000011
172 170 96 940 3 0.000011
173 28 90 294 2 0.000502 174 175 176 180
174 173 91 938 2 0.000003
175 173 92 940 5 0.000015
176 173 70 941 3 0.000054 177 179
177 176 54 202 3 0.000024 178
178 177 55 872 3 0.000009
179 176 48 204 3 0.000006
180 173 90 942 3 0.000214 181 182 183 187
181 180 93 938 3 0.000006
182 180 94 940 6 0.000011
183 180 70 941 3 0.000057 184 186
184 183 54 202 3 0.000024 185
185 184 55 872 3 0.000009
186 183 48 204 3 0.000006
187 180 90 942 3 0.000058 188 189
188 187 95 938 3 0.000006
189 187 96 940 3 0.000006
190 28 97 294 2 0.000020
191 28 98 300 1 0.003216 192 193 194 195 199 267 273
192 191 97 1182 1 0.000010
193 191 91 1204 1 0.000004
194 191 92 1205 1 0.000003
195 191 70 1222 2 0.000040 196 198
196 195 54 202 2 0.000016 197
197 196 55 872 2 0.000007
198 195 48 204 2 0.000004
199 191 98 1236 2 0.003040 200 201 202 203 210 212 216 217 253 256 264 266
200 199 97 1182 2 0.000011
201 199 93 1204 2 0.000004
202 199 94 1205 2 0.000002
203 199 99 1211 2 0.000463 204 205 209
204 203 94 171 2 0.000004
205 203 100 179 2 0.000383 206 207 208 268 269
206 205 101 45 2 0.000010
207 205 102 48 1 0.000008
208 205 103 48 1 0.000000
268 205 132 48 1 0.000007
269 205 133 48 1 0.000000
209 203 104 192 2 0.000028
210 199 105 1218 2 0.000052 211
211 210 97 1164 2 0.000013
212 199 70 1222 2 0.000038 213 215
213 212 54 202 2 0.000016 214
214 213 55 872 2 0.000006
215 212 48 204 2 0.000004
216 199 97 1227 2 0.000011
217 199 106 1229 2 0.002061 218 219 220 224 230 231 237 238 246 247 252
218 217 107 64 2 0.000007
219 217 108 64 2 0.000010
220 217 109 64 2 0.000588 221 223
221 220 110 99 2 0.000544 222
222 221 111 92 2 0.000027
223 220 112 101 2 0.000019
224 217 69 68 2 0.000078 225 226
225 224 48 39 4 0.000010
226 224 70 40 2 0.000036 227 229
227 226 54 202 2 0.000016 228
228 227 55 872 2 0.000006
229 226 48 204 2 0.000004
230 217 104 80 2 0.000014
231 217 113 82 2 0.000097 232 233
232 231 48 60 4 0.000006
233 231 70 61 2 0.000034 234 236
234 233 54 202 2 0.000014 235
235 234 55 872 2 0.000006
236 233 48 204 2 0.000004
237 217 114 95 2 0.000015
238 217 115 109 2 0.000322 239 270
239 238 116 65 1 0.000249 240 241 242 243 244
240 239 117 10 1 0.000029
241 239 118 11 1 0.000007
242 239 119 14 1 0.000008
243 239 120 14 1 0.000002
244 239 121 15 1 0.000022 245
245 244 122 11 1 0.000011
270 238 134 65 1 0.000035 271 272
271 270 117 10 1 0.000010
272 270 135 11 1 0.000006
246 217 111 115 2 0.000014
247 217 123 156 2 0.000210 248 251
248 247 124 75 2 0.000153 249
249 248 125 96 2 0.000136 250
250 249 126 130 2 0.000081
251 247 127 77 2 0.000032
252 217 104 159 2 0.000014
253 199 105 1231 2 0.000078 254 255
254 253 128 1130 2 0.000027
255 253 97 1164 2 0.000013
256 199 129 1244 2 0.000128 257 258 259
257 256 104 217 2 0.000014
258 256 130 220 2 0.000023
259 256 131 240 2 0.000053 260 263
260 259 124 75 2 0.000026 261
261 260 125 96 2 0.000017 262
262 261 126 130 2 0.000006
263 259 127 77 2 0.000006
264 199 105 1252 2 0.000038 265
265 264 97 1164 2 0.000011
266 199 97 1256 2 0.000011
267 191 128 1238 2 0.000019
273 191 97 1256 1 0.000011
274 28 136 302 1 0.004865 275 337
275 274 137 71 1 0.004137 276 277 278 281 286 291 292 293 297
276 275 17 95 1 0.000007
277 275 138 95 1 0.000044
278 275 139 95 1 0.000041 279
279 278 140 33 1 0.000021 280
280 279 141 57 1 0.000008
281 275 142 97 1 0.001262 282 283 285
282 281 143 204 1 0.000010
283 281 144 204 1 0.000026 284
284 283 145 49 1 0.000010
285 281 146 204 1 0.000035
286 275 147 97 1 0.000075 287 288 290
287 286 143 190 1 0.000004
288 286 144 190 1 0.000013 289
289 288 145 49 1 0.000004
290 286 146 190 1 0.000025
291 275 91 97 1 0.000003
292 275 92 97 1 0.000002
293 275 70 117 2 0.000042 294 296
294 293 54 202 2 0.000017 295
295 294 55 872 2 0.000006
296 293 48 204 2 0.000005
297 275 148 117 2 0.002131 298 299 304 305 312 313 317
298 297 93 226 2 0.000004
299 297 147 226 2 0.000131 300 301 303
300 299 143 190 2 0.000007
301 299 144 190 2 0.000024 302
302 301 145 49 2 0.000008
303 299 146 190 2 0.000052
304 297 101 265 2 0.000005
305 297 149 272 2 0.000339 306 307
306 305 150 133 2 0.000013
307 305 147 135 4 0.000224 308 309 311
308 307 143 190 4 0.000014
309 307 144 190 4 0.000040 310
310 309 145 49 4 0.000014
311 307 146 190 4 0.000079
312 297 94 323 2 0.000004
313 297 70 325 2 0.000033 314 316
314 313 54 202 2 0.000014 315
315 314 55 872 2 0.000005
316 313 48 204 2 0.000003
317 297 148 325 2 0.001465 318 319 324 336
318 317 95 226 2 0.000004
319 317 147 226 2 0.000111 320 321 323
320 319 143 190 2 0.000006
321 319 144 190 2 0.000020 322
322 321 145 49 2 0.000006
323 319 146 190 2 0.000043
324 317 151 309 2 0.001281 325
325 324 152 412 2 0.001200 326
326 325 153 84 2 0.001189 327 335
327 326 154 192 2 0.001136 328 333 334
328 327 155 215 2 0.001038 329 330
329 328 156 288 2 0.000010
330 328 157 288 2 0.000315 331
331 330 158 35 2 0.000283 332
332 331 159 47 2 0.000139
333 327 160 218 4 0.000029
334 327 161 219 2 0.000022
335 326 162 -2 2 0.000028
336 317 96 323 2 0.000004
337 274 163 76 1 0.000152 338
338 337 164 -2 10 0.000096
339 28 165 -2 1 0.000007
340 28 97 307 1 0.000008
341 2 166 -2 1 0.000007
342 1 167 -2 4 0.000236 344 345 346
344 342 59 -2 2 0.000012
345 342 168 -2 5 0.000014
346 342 167 -2 1 0.000005
343 1 59 -2 6 0.000078 347
347 343 59 -2 1 0.000005
348 1 168 -2 5 0.000011
349 1 169 56 1 0.000008
.
.
