3 12/10/2020 "Default description" 16:12:22 "" {"StmtCnt":50,"DataPts":110,"NumWrites":0,"TotTime":0.005478,"BufferSize":61440,"Directory":"C:\Users\gquer\Projets\sonaroe-test-full\","Propath":"C:\Users\gquer\Projets\sonaroe-test-full\build,C:\Users\gquer\AppData\Local\Temp\pct224048387.pl,.,C:\Progress\OpenEdge-12.3\tty,C:\Progress\OpenEdge-12.3\tty\ablunit.pl,C:\Progress\OpenEdge-12.3\tty\adecomm.pl,C:\Progress\OpenEdge-12.3\tty\adecomp.pl,C:\Progress\OpenEdge-12.3\tty\adeedit.pl,C:\Progress\OpenEdge-12.3\tty\adeshar.pl,C:\Progress\OpenEdge-12.3\tty\dataadmin.pl,C:\Progress\OpenEdge-12.3\tty\OpenEdge.BusinessLogic.pl,C:\Progress\OpenEdge-12.3\tty\OpenEdge.Core.pl,C:\Progress\OpenEdge-12.3\tty\OpenEdge.ServerAdmin.pl,C:\Progress\OpenEdge-12.3\tty\prodict.pl,C:\Progress\OpenEdge-12.3,C:\Progress\OpenEdge-12.3\bin"}
.
2 "sample/cov.p" "" 1055 0 ""
4 "sample\Coverage2.p" "" 32831 0 ""
3 "sample/coverage1.p" "" 10619 0 ""
5 "returnValue C:\Users\gquer\AppData\Local\Temp\pctinit32798685.p" "" 0 39 ""
1 "C:\Users\gquer\AppData\Local\Temp\pctinit32798685.p" "" 8115 0 ""
.
2 1 3 1
0 0 1 1
2 2 4 1
1 26 2 1
1 37 5 1
.
0 0 1 0.000000 0.005478
2 2 2 0.000114 0.000147
4 4 1 0.000002 0.000002
3 3 1 0.000024 0.000024
1 0 1 0.004339 0.005478
4 5 1 0.000002 0.000002
2 0 1 0.000005 0.000428
4 6 1 0.000002 0.000002
4 7 1 0.000001 0.000001
2 1 1 0.000162 0.000276
3 0 1 0.000071 0.000114
4 0 1 0.000012 0.000033
3 7 1 0.000002 0.000002
5 0 1 0.000006 0.000010
3 6 1 0.000002 0.000002
3 5 1 0.000003 0.000003
4 3 1 0.000006 0.000006
3 4 1 0.000003 0.000003
4 12 1 0.000001 0.000001
3 11 1 0.000001 0.000001
4 13 1 0.000001 0.000001
3 9 1 0.000001 0.000001
3 8 1 0.000002 0.000002
4 8 1 0.000002 0.000002
1 13 1 0.000229 0.000229
4 9 1 0.000002 0.000002
1 12 1 0.000244 0.000244
3 13 1 0.000000 0.000000
1 15 1 0.000003 0.000003
4 11 1 0.000000 0.000000
3 12 1 0.000002 0.000002
1 14 1 0.000022 0.000022
3 18 1 0.000002 0.000002
1 16 1 0.000001 0.000001
4 22 1 0.000002 0.000002
1 19 1 0.000003 0.000003
1 18 1 0.000001 0.000001
1 25 1 0.000001 0.000001
1 26 1 0.000185 0.000613
1 33 1 0.000000 0.000000
1 35 1 0.000001 0.000001
1 34 1 0.000004 0.000004
1 37 1 0.000005 0.000015
1 36 1 0.000001 0.000001
1 38 1 0.000001 0.000001
5 41 1 0.000001 0.000001
4 41 1 0.000000 0.000000
5 43 1 0.000000 0.000000
5 42 1 0.000003 0.000003
3 63 1 0.000001 0.000001
.
.
2 "" 2
1
2
.
4 "p1" 2
27
28
.
4 "p2" 2
32
33
.
4 "p3" 2
37
38
.
4 "" 13
3
4
5
6
7
8
9
11
12
13
14
22
41
.
3 "p1" 2
27
28
.
3 "p2" 2
32
33
.
3 "p3" 2
37
38
.
3 "" 13
3
4
5
6
7
8
9
11
12
13
14
18
63
.
1 "getParameter" 3
8
9
10
.
1 "returnValue" 3
41
42
43
.
1 "writeOutputParam" 5
47
48
49
50
51
.
1 "" 26
12
13
14
15
16
18
19
20
21
22
23
24
25
26
27
28
29
30
31
32
33
34
35
36
37
38
.
.
0 0 0 0 1 0.005478 1
1 0 1 0 1 0.005478 2 5
2 1 2 26 1 0.000428 3 4
3 2 3 1 1 0.000114
4 2 4 2 1 0.000033
5 1 5 37 1 0.000010
.
.
