3 12/10/2020 "Default description" 16:12:22 "" {"StmtCnt":27,"DataPts":60,"NumWrites":0,"TotTime":0.005374,"BufferSize":61440,"Directory":"C:\Users\gquer\Projets\sonaroe-test-full\","Propath":"C:\Users\gquer\Projets\sonaroe-test-full\build,C:\Users\gquer\AppData\Local\Temp\pct17469138.pl,.,C:\Progress\OpenEdge-12.3\tty,C:\Progress\OpenEdge-12.3\tty\ablunit.pl,C:\Progress\OpenEdge-12.3\tty\adecomm.pl,C:\Progress\OpenEdge-12.3\tty\adecomp.pl,C:\Progress\OpenEdge-12.3\tty\adeedit.pl,C:\Progress\OpenEdge-12.3\tty\adeshar.pl,C:\Progress\OpenEdge-12.3\tty\dataadmin.pl,C:\Progress\OpenEdge-12.3\tty\OpenEdge.BusinessLogic.pl,C:\Progress\OpenEdge-12.3\tty\OpenEdge.Core.pl,C:\Progress\OpenEdge-12.3\tty\OpenEdge.ServerAdmin.pl,C:\Progress\OpenEdge-12.3\tty\prodict.pl,C:\Progress\OpenEdge-12.3,C:\Progress\OpenEdge-12.3\bin"}
.
1 "C:\Users\gquer\AppData\Local\Temp\pctinit7355385.p" "" 24485 0 ""
2 "sample/test20.p" "" 11316 0 ""
3 "returnValue C:\Users\gquer\AppData\Local\Temp\pctinit7355385.p" "" 0 39 ""
.
0 0 1 1
1 26 2 1
1 37 3 1
.
0 0 1 0.000000 0.005374
2 2 1 0.000025 0.000025
1 0 1 0.004617 0.005374
2 3 1 0.000002 0.000002
2 0 1 0.000032 0.000064
3 0 1 0.000007 0.000012
2 1 1 0.000002 0.000002
2 6 1 0.000003 0.000003
2 7 1 0.000000 0.000000
2 4 1 0.000000 0.000000
1 13 1 0.000214 0.000214
1 12 1 0.000228 0.000228
1 15 1 0.000003 0.000003
1 14 1 0.000020 0.000020
1 16 1 0.000000 0.000000
1 19 1 0.000002 0.000002
1 18 1 0.000002 0.000002
1 25 1 0.000001 0.000001
1 26 1 0.000198 0.000262
1 33 1 0.000001 0.000001
1 35 1 0.000001 0.000001
1 34 1 0.000003 0.000003
1 37 1 0.000006 0.000018
1 36 1 0.000000 0.000000
1 38 1 0.000002 0.000002
3 43 1 0.000000 0.000000
3 42 1 0.000004 0.000004
3 41 1 0.000001 0.000001
.
.
1 "getParameter" 3
8
9
10
.
1 "returnValue" 3
41
42
43
.
1 "writeOutputParam" 5
47
48
49
50
51
.
1 "" 26
12
13
14
15
16
18
19
20
21
22
23
24
25
26
27
28
29
30
31
32
33
34
35
36
37
38
.
2 "" 7
1
2
3
4
5
6
7
.
.
0 0 0 0 1 0.005374 1
1 0 1 0 1 0.005374 2 3
2 1 2 26 1 0.000064
3 1 3 37 1 0.000012
.
.
